Event: lady first	 analizing: [33.582390680000003, -85.052206769999998] 	 from = United States
Event: lady first	 analizing: [42.959912000000003, -78.759619499999999] 	 from = United States
Event: lady first	 analizing: [38.404243999999998, -96.178375900000006] 	 from = United States
Event: lady first	 analizing: [34.173262489999999, -118.60668834000001] 	 from = United States
Event: lady first	 analizing: [51.559189500000002, -0.10012622] 	 from = England
Event: lady first	 analizing: [38.884318800000003, -94.663811199999998] 	 from = United States
Event: shooting mall	 analizing: [39.088481489999999, -76.942943990000003] 	 from = United States
Event: shooting mall	 analizing: [34.707184380000001, -82.243847540000004] 	 from = United States
Event: shooting mall	 analizing: [40.806238610000001, -77.889199610000006] 	 from = United States
Event: shooting mall	 analizing: [39.168488000000004, -77.052098999999998] 	 from = United States
Event: shooting mall	 analizing: [53.627762330000003, -1.78745474] 	 from = England
Event: shooting mall	 analizing: [52.591319800000001, 13.46757813] 	 from = Germany
Event: shooting mall	 analizing: [39.800176810000004, -75.084482550000004] 	 from = United States
Event: shooting mall	 analizing: [35.220330490000002, -80.938240789999995] 	 from = United States
Event: shooting mall	 analizing: [37.65794983, -113.08272667] 	 from = United States
Event: shooting mall	 analizing: [39.301903189999997, -76.615534600000004] 	 from = United States
Event: shooting mall	 analizing: [39.280070459999997, -76.759495630000004] 	 from = United States
Event: shooting mall	 analizing: [30.512076449999999, -97.727580110000005] 	 from = United States
Event: shooting mall	 analizing: [42.95900855, -87.929558439999994] 	 from = United States
Event: shooting mall	 analizing: [41.997219780000002, -70.963492079999995] 	 from = United States
Event: shooting mall	 analizing: [39.766906669999997, -86.156503209999997] 	 from = United States
Event: shooting mall	 analizing: [33.462428000000003, -85.480581700000002] 	 from = United States
Event: shooting mall	 analizing: [26.651229789999999, -80.141815519999994] 	 from = United States
Event: shooting mall	 analizing: [35.948380280000002, -86.823311950000004] 	 from = United States
Event: shooting mall	 analizing: [35.910459279999998, -79.057563830000007] 	 from = United States
Event: shooting mall	 analizing: [37.963112459999998, -87.444151189999999] 	 from = United States
Event: shooting mall	 analizing: [33.546634490000002, -112.24533029] 	 from = United States
Event: shooting mall	 analizing: [50.934228439999998, -0.39062035000000001] 	 from = England
Event: shooting mall	 analizing: [38.598014980000002, -75.205161279999999] 	 from = United States
Event: state union	 analizing: [42.72492244, -73.694871660000004] 	 from = United States
Event: state union	 analizing: [39.74601199, -104.99459342999999] 	 from = United States
Event: state union	 analizing: [35.949425589999997, -86.821063859999995] 	 from = United States
Event: state union	 analizing: [37.7772364, -122.39544929] 	 from = United States
Event: state union	 analizing: [38.450606319999999, -122.69025247] 	 from = United States
Event: state union	 analizing: [44.564900100000003, -123.27979757999999] 	 from = United States
Event: violent turn	 analizing: [52.155020489999998, -7.1675109099999998] 	 from = Ireland
Event: violent turn	 analizing: [42.890174309999999, -88.416136510000001] 	 from = United States
Event: violent turn	 analizing: [23.067039999999999, 72.531850000000006] 	 from = India
Event: violent turn	 analizing: [35.200845829999999, -89.781989050000007] 	 from = United States
Event: violent turn	 analizing: [33.630630590000003, -112.45099428] 	 from = United States
Event: violent turn	 analizing: [50.977863190000001, -3.24956252] 	 from = England
Event: violent turn	 analizing: [50.427837760000003, 30.55434443] 	 from = Ukraine
Event: violent turn	 analizing: [-25.722942490000001, 28.257720729999999] 	 from = South Africa
Event: violent turn	 analizing: [33.536947099999999, -82.136562999999995] 	 from = United States
Event: violent turn	 analizing: [33.536963399999998, -82.136560000000003] 	 from = United States
Event: violent turn	 analizing: [50.977862880000004, -3.2495659899999998] 	 from = England
Event: lady president	 analizing: [33.525639460000001, -117.15376557] 	 from = United States
Event: lady president	 analizing: [34.578952999999998, -86.980738799999997] 	 from = United States
Event: lady president	 analizing: [42.550394050000001, -83.195351099999996] 	 from = United States
Event: lady president	 analizing: [35.912487980000002, -79.063001889999995] 	 from = United States
Event: lady president	 analizing: [47.617125350000002, -122.34621491999999] 	 from = United States
Event: lady president	 analizing: [39.009365539999997, -92.354699890000006] 	 from = United States
Event: woman life	 analizing: [32.625611499999998, 73.9760481] 	 from = Pakistan
Event: woman life	 analizing: [34.117361260000003, -84.326712850000007] 	 from = United States
Event: woman life	 analizing: [41.364586580000001, -82.052193919999993] 	 from = United States
Event: woman life	 analizing: [32.718221399999997, -97.232317499999994] 	 from = United States
Event: woman life	 analizing: [38.881149229999998, -76.927854920000001] 	 from = United States
Event: woman life	 analizing: [33.650176100000003, -112.29902453] 	 from = United States
Event: woman life	 analizing: [11.5526389, 122.7922604] 	 from = Philippines
Event: woman life	 analizing: [34.051610480000001, -118.24533538] 	 from = United States
Event: woman life	 analizing: [43.186841100000002, -87.962075100000007] 	 from = United States
Event: woman life	 analizing: [53.416513100000003, -2.8745935999999999] 	 from = England
Event: woman life	 analizing: [29.60022137, -95.49380017] 	 from = United States
Event: woman life	 analizing: [51.55537571, 0.00518331] 	 from = England
Event: woman life	 analizing: [41.708206959999998, -83.690759209999996] 	 from = United States
Event: woman life	 analizing: [34.557584669999997, -80.920738259999993] 	 from = United States
Event: woman life	 analizing: [25.873259610000002, -80.165613739999998] 	 from = United States
Event: woman life	 analizing: [38.959613750000003, -95.238094200000006] 	 from = United States
Event: woman life	 analizing: [50.795888419999997, -1.0934686600000001] 	 from = England
Event: woman life	 analizing: [40.720257410000002, -73.853158870000001] 	 from = United States
Event: woman life	 analizing: [53.703237309999999, -2.1985625400000002] 	 from = England
Event: woman life	 analizing: [43.186860799999998, -87.962071399999999] 	 from = United States
Event: woman life	 analizing: [38.642244329999997, -76.922031469999993] 	 from = United States
Event: woman life	 analizing: [29.738131509999999, -95.594633619999996] 	 from = United States
Event: woman life	 analizing: [-26.191510000000001, 27.997272599999999] 	 from = South Africa
Event: republic pic	 analizing: [13.0867494, 80.166408390000001] 	 from = India
Event: republic pic	 analizing: [23.175304000000001, 75.789428999999998] 	 from = India
Event: republic pic	 analizing: [19.11479473, 72.910555549999998] 	 from = India
Event: republic pic	 analizing: [18.5118987, 73.805655000000002] 	 from = India
Event: republic pic	 analizing: [32.747263949999997, -117.25284662999999] 	 from = United States
Event: republic pic	 analizing: [18.564199689999999, 73.840762170000005] 	 from = India
Event: republic pic	 analizing: [18.9713511, 72.8288139] 	 from = India
Event: republic pic	 analizing: [26.895339969999998, 80.957260129999995] 	 from = India
Event: republic pic	 analizing: [19.4958192, -99.150925999999998] 	 from = Mexico
Event: republic pic	 analizing: [28.615010699999999, 77.317674699999998] 	 from = India
Event: republic pic	 analizing: [13.043839999999999, 80.277770000000004] 	 from = India
Event: republic pic	 analizing: [-37.797992399999998, 144.86576037] 	 from = Australia
Event: republic pic	 analizing: [18.972051199999999, 72.827787499999999] 	 from = India
Event: republic pic	 analizing: [22.174948300000001, 76.0636011] 	 from = India
Event: republic pic	 analizing: [-0.46421000000000001, 117.18581] 	 from = Indonesia
Event: republic pic	 analizing: [23.19238, 83.138570000000001] 	 from = India
Event: republic pic	 analizing: [25.163161590000001, 55.406609039999999] 	 from = United Arab Emirates
Event: republic pic	 analizing: [28.613500599999998, 77.218181900000005] 	 from = India
Event: republic pic	 analizing: [1.2993625499999999, 103.83422256] 	 from = Singapore
Event: republic pic	 analizing: [22.506911930000001, 88.30716219] 	 from = India
Event: republic pic	 analizing: [30.3398927, -97.680975700000005] 	 from = United States
Event: republic pic	 analizing: [51.481776719999999, -2.5000789299999999] 	 from = England
Event: republic pic	 analizing: [21.146682500000001, 79.062359299999997] 	 from = India
Event: republic pic	 analizing: [30.307961939999998, 78.018714900000006] 	 from = India
Event: republic pic	 analizing: [28.729902299999999, 77.086151400000006] 	 from = India
Event: republic pic	 analizing: [21.140483499999998, 79.065985600000005] 	 from = India
Event: republic pic	 analizing: [25.305170499999999, 55.380246] 	 from = United Arab Emirates
Event: missing seniors	 analizing: [39.766906669999997, -86.156503209999997] 	 from = United States
Event: missing seniors	 analizing: [19.4181159, -99.161658099999997] 	 from = Mexico
Event: missing seniors	 analizing: [37.636067799999999, -77.563309399999994] 	 from = United States
Event: missing seniors	 analizing: [44.887295610000002, -89.596973719999994] 	 from = United States
Event: riot ukraine	 analizing: [53.38136059, -2.82642507] 	 from = England
Event: riot ukraine	 analizing: [19.414696559999999, -99.160306349999999] 	 from = Mexico
Event: riot ukraine	 analizing: [53.378675899999998, -6.5812892999999999] 	 from = Ireland
Event: riot ukraine	 analizing: [51.005231989999999, -3.0873148000000001] 	 from = England
Event: riot ukraine	 analizing: [36.708621200000003, 137.8377619] 	 from = Japan
Event: shooting mall	 analizing: [39.02636167, -77.101476529999999] 	 from = United States
Event: shooting mall	 analizing: [39.939743, -91.3868109] 	 from = United States
Event: shooting mall	 analizing: [42.995817719999998, -87.899905529999998] 	 from = United States
Event: shooting mall	 analizing: [41.913624779999999, -87.631917349999995] 	 from = United States
Event: shooting mall	 analizing: [35.447379060000003, -120.63590228] 	 from = United States
Event: shooting mall	 analizing: [37.674576100000003, -121.03576889999999] 	 from = United States
Event: shooting mall	 analizing: [39.201550140000002, -84.377828539999996] 	 from = United States
Event: shooting mall	 analizing: [41.156211499999998, -81.474018790000002] 	 from = United States
Event: shooting mall	 analizing: [39.216486089999997, -76.879942029999995] 	 from = United States
Event: shooting mall	 analizing: [34.093553679999999, -118.31507348] 	 from = United States
Event: shooting mall	 analizing: [39.301903189999997, -76.615534600000004] 	 from = United States
Event: shooting mall	 analizing: [29.43523618, -98.49014579] 	 from = United States
Event: shooting mall	 analizing: [39.867362919999998, -75.335656130000004] 	 from = United States
Event: shooting mall	 analizing: [4.8612523999999997, 31.602482999999999] 	 from = Sudan
Event: shooting mall	 analizing: [39.171533359999998, -77.051882419999998] 	 from = United States
Event: shooting mall	 analizing: [40.31276639, -74.291650779999998] 	 from = United States
Event: shooting mall	 analizing: [26.186109980000001, -98.237195310000004] 	 from = United States
Event: shooting mall	 analizing: [39.301903189999997, -76.615534600000004] 	 from = United States
Event: shooting mall	 analizing: [37.585606169999998, -122.07862973] 	 from = United States
Event: republic pic	 analizing: [37.390020849999999, 127.12148522] 	 from = Korea, Republic of
Event: republic pic	 analizing: [18.593360000000001, 73.831299999999999] 	 from = India
Event: republic pic	 analizing: [20.771164500000001, 86.163390300000003] 	 from = India
Event: republic pic	 analizing: [26.7870238, 75.839866799999996] 	 from = India
Event: republic pic	 analizing: [24.273137429999998, 87.250714720000005] 	 from = India
Event: republic pic	 analizing: [26.7870238, 75.839866799999996] 	 from = India
Event: republic pic	 analizing: [9.9948908999999997, 76.291653699999998] 	 from = India
Event: republic pic	 analizing: [23.000731800000001, 72.625577399999997] 	 from = India
Event: republic pic	 analizing: [0.53312099999999996, 73.190899000000002] 	 from = N/A
Event: republic pic	 analizing: [0.0, 0.0] 	 from = N/A
Event: republic pic	 analizing: [22.371760399999999, 69.832583200000002] 	 from = India
Event: republic pic	 analizing: [28.576499999999999, 77.241889999999998] 	 from = India
Event: republic pic	 analizing: [40.947084570000001, -73.873104889999993] 	 from = United States
Event: republic pic	 analizing: [37.717743679999998, -97.300581249999993] 	 from = United States
Event: republic pic	 analizing: [26.787493099999999, 75.835412399999996] 	 from = India
Event: republic pic	 analizing: [21.180219610000002, 72.803111169999994] 	 from = India
Event: republic pic	 analizing: [25.3188748, 83.014048299999999] 	 from = India
Event: chinese zhiyong	 analizing: [28.530468899999999, 77.390141999999997] 	 from = India
Event: shooting mall	 analizing: [33.776736, -84.388485200000005] 	 from = United States
Event: shooting mall	 analizing: [27.42497251, -82.554401639999995] 	 from = United States
Event: shooting mall	 analizing: [42.526451299999998, -96.428620499999994] 	 from = United States
Event: shooting mall	 analizing: [38.775470599999998, -76.945239400000006] 	 from = United States
Event: shooting mall	 analizing: [40.275680540000003, -111.67991129000001] 	 from = United States
Event: shooting mall	 analizing: [46.73514222, -117.15709655000001] 	 from = United States
Event: shooting mall	 analizing: [40.825630879999999, -96.710487889999996] 	 from = United States
Event: shooting mall	 analizing: [33.85866292, -117.76602817] 	 from = United States
Event: shooting mall	 analizing: [37.290627379999997, -79.976616930000006] 	 from = United States
Event: shooting mall	 analizing: [21.429577099999999, 73.015172899999996] 	 from = India
Event: shooting mall	 analizing: [37.987785299999999, -84.506764439999998] 	 from = United States
Event: shooting mall	 analizing: [27.94465859, -82.447191090000004] 	 from = United States
Event: shooting mall	 analizing: [42.28359923, -71.792812999999995] 	 from = United States
Event: shooting mall	 analizing: [39.74601199, -104.99459342999999] 	 from = United States
Event: shooting mall	 analizing: [36.813895019999997, -76.613452330000001] 	 from = United States
Event: shooting mall	 analizing: [39.470852010000002, -77.075992110000001] 	 from = United States
Event: shooting mall	 analizing: [43.053426690000002, -88.048393149999995] 	 from = United States
Event: shooting mall	 analizing: [-6.1901852699999997, 106.85464752999999] 	 from = Indonesia
Event: shooting mall	 analizing: [34.031451240000003, -84.375214589999999] 	 from = United States
Event: shooting mall	 analizing: [39.088585960000003, -76.861572129999999] 	 from = United States
Event: shooting mall	 analizing: [40.821827829999997, -73.948295270000003] 	 from = United States
Event: gunman mall	 analizing: [38.891844200000001, -77.012397899999996] 	 from = United States
Event: gunman mall	 analizing: [38.8949505, -77.014560299999999] 	 from = United States
Event: gunman mall	 analizing: [41.888045640000001, -87.626267240000004] 	 from = United States
Event: republic pic	 analizing: [17.435061000000001, 78.3405901] 	 from = India
Event: republic pic	 analizing: [17.432964200000001, 78.431336999999999] 	 from = India
Event: republic pic	 analizing: [26.936536, 75.758515099999997] 	 from = India
Event: republic pic	 analizing: [23.079112569999999, 72.531237390000001] 	 from = India
Event: republic pic	 analizing: [11.6822143, 78.126016000000007] 	 from = India
Event: republic pic	 analizing: [22.7224118, 75.914539599999998] 	 from = India
Event: republic pic	 analizing: [19.1052444, 72.845758599999996] 	 from = India
Event: republic pic	 analizing: [19.023034549999998, 72.862383030000004] 	 from = India
Event: republic pic	 analizing: [19.050309240000001, 72.822757089999996] 	 from = India
Event: republic pic	 analizing: [28.502364050000001, 77.211773289999996] 	 from = India
Event: republic pic	 analizing: [23.3767052, 85.359220399999998] 	 from = India
Event: republic pic	 analizing: [34.152632400000002, -118.3300481] 	 from = United States
Event: republic pic	 analizing: [22.81764424, 70.832189549999995] 	 from = India
Event: republic pic	 analizing: [23.5749873, 72.7383904] 	 from = India
Event: republic pic	 analizing: [19.067471990000001, 72.998614309999994] 	 from = India
Event: republic pic	 analizing: [17.7458329, 83.334708899999995] 	 from = India
Event: republic pic	 analizing: [34.152632400000002, -118.3300481] 	 from = United States
Event: republic pic	 analizing: [12.9732, 77.701179999999994] 	 from = India
Event: republic pic	 analizing: [19.06806546, 72.907093630000006] 	 from = India
Event: republic pic	 analizing: [27.390639499999999, 79.577335300000001] 	 from = India
Event: republic pic	 analizing: [23.9191422, 87.952017699999999] 	 from = India
Event: republic pic	 analizing: [25.603915900000001, 85.0708451] 	 from = India
Event: republic pic	 analizing: [17.432964200000001, 78.431336999999999] 	 from = India
Event: republic pic	 analizing: [25.282299810000001, 51.54904793] 	 from = Qatar
Event: republic pic	 analizing: [17.435330700000002, 78.339889099999994] 	 from = India
Event: republic pic	 analizing: [23.021967100000001, 75.247587600000003] 	 from = India
Event: republic pic	 analizing: [19.072256660000001, 72.863347070000003] 	 from = India
Event: republic pic	 analizing: [21.166531849999998, 81.307830949999996] 	 from = India
Event: republic pic	 analizing: [10.034703739999999, 76.339249800000005] 	 from = India
Event: republic pic	 analizing: [29.386497500000001, 76.956804700000006] 	 from = India
Event: republic pic	 analizing: [32.6950079, 74.876476499999995] 	 from = India
Event: republic pic	 analizing: [17.497787970000001, 78.339191020000001] 	 from = India
Event: republic pic	 analizing: [31.286075, 75.643439999999998] 	 from = India
Event: republic pic	 analizing: [19.180127219999999, 72.859521299999997] 	 from = India
Event: republic pic	 analizing: [22.2930536, 70.790845599999997] 	 from = India
Event: republic pic	 analizing: [11.682248100000001, 78.125988800000002] 	 from = India
Event: republic pic	 analizing: [17.432964200000001, 78.431336999999999] 	 from = India
Event: republic pic	 analizing: [19.835363390000001, 75.347283360000006] 	 from = India
Event: republic pic	 analizing: [21.149273740000002, 72.761800649999998] 	 from = India
Event: republic pic	 analizing: [17.432964200000001, 78.431336999999999] 	 from = India
Event: republic pic	 analizing: [23.0075225, 72.627817800000003] 	 from = India
Event: republic pic	 analizing: [28.662264390000001, 77.127068870000002] 	 from = India
Event: republic pic	 analizing: [13.096693999999999, 80.235415200000006] 	 from = India
Event: republic pic	 analizing: [19.179962379999999, 72.859655779999997] 	 from = India
Event: republic pic	 analizing: [12.946972499999999, 77.624203600000001] 	 from = India
Event: republic pic	 analizing: [12.855911799999999, 80.071625499999996] 	 from = India
Event: republic pic	 analizing: [26.285369190000001, 73.039928709999998] 	 from = India
Event: republic pic	 analizing: [17.7439991, 83.338263999999995] 	 from = India
Event: republic pic	 analizing: [28.349017100000001, 77.290580399999996] 	 from = India
Event: republic pic	 analizing: [19.877367899999999, 75.363455599999995] 	 from = India
Event: republic pic	 analizing: [17.433430000000001, 78.456220000000002] 	 from = India
Event: end life	 analizing: [-6.1475645999999999, 106.782336] 	 from = Indonesia
Event: end life	 analizing: [40.578538950000002, -74.509511160000002] 	 from = United States
Event: end life	 analizing: [45.147784180000002, -92.674751549999996] 	 from = United States
Event: end life	 analizing: [29.894030839999999, -97.903864459999994] 	 from = United States
Event: end life	 analizing: [42.225274319999997, -83.171457509999996] 	 from = Canada
Event: end life	 analizing: [57.604415619999997, -4.4369922500000003] 	 from = Scotland
Event: end life	 analizing: [35.224839770000003, -80.840793419999997] 	 from = United States
Event: end life	 analizing: [40.90899658, -73.878419379999997] 	 from = United States
Event: end life	 analizing: [38.543947879999997, -82.510140789999994] 	 from = United States
Event: end life	 analizing: [33.955418829999999, -81.273988119999999] 	 from = United States
Event: end life	 analizing: [43.178089139999997, -77.568265429999997] 	 from = United States
Event: end life	 analizing: [34.133630150000002, -117.2336462] 	 from = United States
Event: end life	 analizing: [39.538764200000003, -104.89202091] 	 from = United States
Event: end life	 analizing: [34.093318119999999, -118.34333275] 	 from = United States
Event: end life	 analizing: [42.33718897, -83.278713030000006] 	 from = United States
Event: end life	 analizing: [40.843585699999998, -73.921271309999995] 	 from = United States
Event: end life	 analizing: [25.932444539999999, -80.135496660000001] 	 from = United States
Event: end life	 analizing: [35.701264510000001, -88.848290489999997] 	 from = United States
Event: end life	 analizing: [40.877084629999999, -74.494257390000001] 	 from = United States
Event: end life	 analizing: [40.304046700000001, -78.919094040000004] 	 from = United States
Event: end life	 analizing: [30.412372130000001, -91.1536507] 	 from = United States
Event: end life	 analizing: [41.916921240000001, -72.722704280000002] 	 from = United States
Event: end life	 analizing: [35.18408282, -97.424225469999996] 	 from = United States
Event: end life	 analizing: [15.510324199999999, -86.238084299999997] 	 from = Honduras
Event: end life	 analizing: [39.835361779999999, -75.033906450000003] 	 from = United States
Event: end life	 analizing: [30.43843532, -84.293521279999993] 	 from = United States
Event: end life	 analizing: [35.61480899, -97.488094689999997] 	 from = United States
Event: end life	 analizing: [-20.800703200000001, -40.590861189999998] 	 from = Brazil
Event: world brazil	 analizing: [40.415998199999997, -86.891184699999997] 	 from = United States
Event: world brazil	 analizing: [21.429590600000001, 73.015124499999999] 	 from = India
Event: world brazil	 analizing: [29.988595100000001, -95.011404299999995] 	 from = United States
Event: chinese zhiyong	 analizing: [37.560194500000001, 126.85644941] 	 from = Korea, Republic of
Event: chinese zhiyong	 analizing: [40.603910259999999, -74.141160580000005] 	 from = United States
Event: china activist	 analizing: [34.042543500000001, -118.24442980000001] 	 from = United States
Event: police mall	 analizing: [39.878825089999999, -86.06503352] 	 from = United States
Event: police mall	 analizing: [39.766906669999997, -86.156503209999997] 	 from = United States
Event: police mall	 analizing: [38.896737899999998, -77.014580100000003] 	 from = United States
Event: police mall	 analizing: [36.161449990000001, -115.13946676] 	 from = United States
Event: republic pic	 analizing: [18.647031399999999, 73.775670099999999] 	 from = India
Event: republic pic	 analizing: [10.03472517, 76.339169850000005] 	 from = India
Event: republic pic	 analizing: [19.237474200000001, 72.855633600000004] 	 from = India
Event: republic pic	 analizing: [28.562068, 77.192573999999993] 	 from = India
Event: republic pic	 analizing: [12.956935400000001, 80.147638060000006] 	 from = India
Event: republic pic	 analizing: [18.504359699999998, 73.921103200000005] 	 from = India
Event: republic pic	 analizing: [28.637285049999999, 77.183232340000004] 	 from = India
Event: republic pic	 analizing: [28.657546100000001, 77.375541699999999] 	 from = India
Event: republic pic	 analizing: [28.538482999999999, 77.283777799999996] 	 from = India
Event: republic pic	 analizing: [20.108677660000001, 73.949354249999999] 	 from = India
Event: republic pic	 analizing: [28.6218352, 77.025627299999996] 	 from = India
Event: republic pic	 analizing: [12.8446835, 77.662475000000001] 	 from = India
Event: republic pic	 analizing: [19.314160000000001, 72.855879999999999] 	 from = India
Event: republic pic	 analizing: [18.504378200000001, 73.921103799999997] 	 from = India
Event: republic pic	 analizing: [9.0729299999999995, 7.4250299999999996] 	 from = Nigeria
Event: republic pic	 analizing: [49.214942819999997, -122.58357347] 	 from = Canada
Event: republic pic	 analizing: [18.925595520000002, 72.825928079999997] 	 from = India
Event: republic pic	 analizing: [19.018805, 73.036500000000004] 	 from = India
Event: republic pic	 analizing: [10.03472517, 76.339169850000005] 	 from = India
Event: republic pic	 analizing: [28.639986, 77.362944999999996] 	 from = India
Event: republic pic	 analizing: [28.349017100000001, 77.290580399999996] 	 from = India
Event: republic pic	 analizing: [17.403725219999998, 78.544204859999994] 	 from = India
Event: republic pic	 analizing: [18.504359699999998, 73.921103200000005] 	 from = India
Event: republic pic	 analizing: [10.03476927, 76.339297369999997] 	 from = India
Event: republic pic	 analizing: [11.0140575, 77.051077899999996] 	 from = India
Event: republic pic	 analizing: [30.3376722, 77.953912700000004] 	 from = India
Event: republic pic	 analizing: [28.42128087, 77.097837380000001] 	 from = India
Event: republic pic	 analizing: [10.034722990000001, 76.339164909999994] 	 from = India
Event: republic pic	 analizing: [17.724764589999999, 83.308681770000007] 	 from = India
Event: republic pic	 analizing: [28.442489729999998, 77.104145509999995] 	 from = India
Event: republic pic	 analizing: [17.724764589999999, 83.308681770000007] 	 from = India
Event: republic pic	 analizing: [22.356142800000001, 88.240891099999999] 	 from = India
Event: republic pic	 analizing: [30.717898399999999, 76.800419500000004] 	 from = India
Event: republic pic	 analizing: [13.1105076, 80.241587499999994] 	 from = India
Event: republic pic	 analizing: [1.43129996, 103.77384635] 	 from = Malaysia
Event: republic pic	 analizing: [23.5749873, 72.7383904] 	 from = India
Event: republic pic	 analizing: [34.152475799999998, -118.33031099999999] 	 from = United States
Event: bus suicide	 analizing: [34.527728500000002, 69.110812699999997] 	 from = Afghanistan
Event: bus suicide	 analizing: [41.948893159999997, -87.705078999999998] 	 from = United States
Event: bus suicide	 analizing: [34.540167619999998, 69.154361539999996] 	 from = Afghanistan
Event: bus suicide	 analizing: [43.199110079999997, -76.334667969999998] 	 from = United States
Event: bus suicide	 analizing: [34.537452700000003, 69.186169509999999] 	 from = Afghanistan
Event: attack kabul	 analizing: [34.527694099999998, 69.157283000000007] 	 from = Afghanistan
Event: china years	 analizing: [59.523377140000001, 10.68765602] 	 from = Norway
Event: china years	 analizing: [59.523248219999999, 10.687749869999999] 	 from = Norway
Event: china years	 analizing: [29.602445830000001, -95.623949749999994] 	 from = United States
Event: china years	 analizing: [37.844937450000003, -122.28890561] 	 from = United States
Event: china years	 analizing: [-32.072276090000003, 115.80727625] 	 from = Australia
Event: bus suicide	 analizing: [33.989067200000001, 71.533636700000002] 	 from = Pakistan
Event: india following	 analizing: [43.087267130000001, -87.887453039999997] 	 from = United States
Event: shooter police	 analizing: [38.916273179999997, -77.188891010000006] 	 from = United States
Event: republic pic	 analizing: [18.9483064, 72.818542199999996] 	 from = India
Event: republic pic	 analizing: [28.590530000000001, 77.068020000000004] 	 from = India
Event: republic pic	 analizing: [14.043324050000001, 99.512438180000004] 	 from = Thailand
Event: republic pic	 analizing: [43.010157, -87.957842999999997] 	 from = United States
Event: republic pic	 analizing: [22.5769971, 88.369557299999997] 	 from = India
Event: republic pic	 analizing: [20.2552573, 85.8465025] 	 from = India
Event: republic pic	 analizing: [30.354762300000001, 76.438877399999996] 	 from = India
Event: republic pic	 analizing: [19.212098560000001, 73.080539419999994] 	 from = India
Event: republic pic	 analizing: [28.576319999999999, 77.242009999999993] 	 from = India
Event: republic pic	 analizing: [14.043351169999999, 99.512443840000003] 	 from = Thailand
Event: republic pic	 analizing: [17.368660819999999, 78.473131069999994] 	 from = India
Event: republic pic	 analizing: [28.538271900000002, 77.084462799999997] 	 from = India
Event: republic pic	 analizing: [26.123517190000001, 83.154827999999995] 	 from = India
Event: republic pic	 analizing: [17.39127345, 78.457379099999997] 	 from = India
Event: republic pic	 analizing: [29.27235426, 76.844263510000005] 	 from = India
Event: republic pic	 analizing: [18.956720000000001, 72.825090000000003] 	 from = India
Event: republic pic	 analizing: [19.2035442, 72.836638500000007] 	 from = India
Event: republic pic	 analizing: [28.647325299999999, 77.0921965] 	 from = India
Event: republic pic	 analizing: [29.27235615, 76.844252190000006] 	 from = India
Event: republic pic	 analizing: [19.012355700000001, 73.116008600000001] 	 from = India
Event: republic pic	 analizing: [21.187819999999999, 72.813410000000005] 	 from = India
Event: republic pic	 analizing: [4.1738844999999998, 73.508482200000003] 	 from = Maldives
Event: republic pic	 analizing: [14.043324050000001, 99.512438180000004] 	 from = Thailand
Event: republic pic	 analizing: [23.121781200000001, 72.595771400000004] 	 from = India
Event: republic pic	 analizing: [17.475347159999998, 78.422680690000007] 	 from = India
Event: republic pic	 analizing: [26.166964419999999, 91.7295503] 	 from = India
Event: republic pic	 analizing: [24.756243810000001, 46.697290410000001] 	 from = Saudi Arabia
Event: republic pic	 analizing: [14.043324050000001, 99.512438180000004] 	 from = Thailand
Event: republic pic	 analizing: [14.043324050000001, 99.512438180000004] 	 from = Thailand
Event: republic pic	 analizing: [22.301127000000001, 70.767284900000007] 	 from = India
Event: republic pic	 analizing: [14.043324050000001, 99.512438180000004] 	 from = Thailand
Event: republic pic	 analizing: [28.576319999999999, 77.242009999999993] 	 from = India
Event: republic pic	 analizing: [14.043324050000001, 99.512438180000004] 	 from = Thailand
Event: republic pic	 analizing: [14.043324050000001, 99.512438180000004] 	 from = Thailand
Event: republic pic	 analizing: [14.043324050000001, 99.512438180000004] 	 from = Thailand
Event: republic pic	 analizing: [14.043324050000001, 99.512438180000004] 	 from = Thailand
Event: republic pic	 analizing: [12.940359000000001, 77.696490999999995] 	 from = India
Event: syria talks	 analizing: [32.3722742, -86.153426370000005] 	 from = United States
Event: syria talks	 analizing: [37.871988430000002, -122.27048085] 	 from = United States
Event: republic pic	 analizing: [30.752902599999999, 76.769666700000002] 	 from = India
Event: republic pic	 analizing: [-33.906116040000001, 151.17527487999999] 	 from = Australia
Event: republic pic	 analizing: [9.5903662000000001, 76.489333099999996] 	 from = India
Event: republic pic	 analizing: [19.3099779, 73.068061499999999] 	 from = India
Event: republic pic	 analizing: [30.7529276, 76.769681199999994] 	 from = India
Event: republic pic	 analizing: [20.013276099999999, 73.757639900000001] 	 from = India
Event: republic pic	 analizing: [12.926422799999999, 77.6383644] 	 from = India
Event: republic pic	 analizing: [19.061395170000001, 72.833914820000004] 	 from = India
Event: republic pic	 analizing: [31.196994589999999, -82.222372449999995] 	 from = United States
Event: republic pic	 analizing: [25.450287599999999, 81.822830800000006] 	 from = India
Event: republic pic	 analizing: [28.625289899999999, 77.2037847] 	 from = India
Event: republic pic	 analizing: [19.224008399999999, 73.164688499999997] 	 from = India
Event: republic pic	 analizing: [0.0, 0.0] 	 from = N/A
Event: republic pic	 analizing: [21.519231300000001, 39.169604700000001] 	 from = Saudi Arabia
Event: republic pic	 analizing: [18.964482199999999, 72.819056500000002] 	 from = India
Event: republic pic	 analizing: [47.65628023, -117.65236837] 	 from = United States
Event: republic pic	 analizing: [22.539899999999999, 88.362669999999994] 	 from = India
Event: republic pic	 analizing: [43.484547460000002, -79.870793320000004] 	 from = Canada
Event: republic pic	 analizing: [-37.817585129999998, 144.96682378] 	 from = Australia
Event: republic pic	 analizing: [12.9251483, 77.615995600000005] 	 from = India
Event: republic pic	 analizing: [28.64286598, 77.099190370000002] 	 from = India
Event: republic pic	 analizing: [51.451961410000003, -2.5431092099999999] 	 from = England
Event: republic pic	 analizing: [1.3007299999999999, 103.85957999999999] 	 from = Singapore
Event: republic pic	 analizing: [18.5001535, 73.950727799999996] 	 from = India
Event: republic pic	 analizing: [19.08445803, 72.884902479999994] 	 from = India
Event: republic pic	 analizing: [21.697323900000001, 72.959713899999997] 	 from = India
Event: republic pic	 analizing: [18.875764849999999, 72.931209559999999] 	 from = India
Event: republic pic	 analizing: [33.989465500000001, 71.533784900000001] 	 from = Pakistan
Event: republic pic	 analizing: [28.658508900000001, 77.366140799999997] 	 from = India
Event: republic pic	 analizing: [29.27233888, 76.844125039999994] 	 from = India
Event: republic pic	 analizing: [21.2289849, 72.837261699999999] 	 from = India
Event: cup police	 analizing: [33.754462820000001, -116.90480864] 	 from = United States
Event: world brazil	 analizing: [40.6657796, -73.950602099999998] 	 from = United States
Event: world brazil	 analizing: [-22.983620599999998, -43.2183274] 	 from = Brazil
Event: world brazil	 analizing: [-22.862789679999999, -43.449654240000001] 	 from = Brazil
Event: world brazil	 analizing: [45.519064700000001, -123.06906480000001] 	 from = United States
Event: world brazil	 analizing: [42.461808619999999, -71.168098999999998] 	 from = United States
Event: world brazil	 analizing: [8.8463700000000003, 7.86815] 	 from = Nigeria
Event: top terror	 analizing: [41.085908000000003, -81.517107100000004] 	 from = United States
Event: top terror	 analizing: [51.546784150000001, -0.47859227999999998] 	 from = England
Event: top terror	 analizing: [6.6914973099999999, -1.61996867] 	 from = Ghana
Event: republic pic	 analizing: [28.630256559999999, 77.277907099999993] 	 from = India
Event: republic pic	 analizing: [19.00896474, 72.818986269999996] 	 from = India
Event: republic pic	 analizing: [26.2341272, 50.543102300000001] 	 from = Bahrain
Event: republic pic	 analizing: [51.452069469999998, -2.5429800500000002] 	 from = England
Event: republic pic	 analizing: [40.469328709999999, -88.950549510000002] 	 from = United States
Event: republic pic	 analizing: [26.2341272, 50.543102300000001] 	 from = Bahrain
Event: republic pic	 analizing: [28.7426967, 77.286048899999997] 	 from = India
Event: republic pic	 analizing: [14.889143000000001, 78.012690899999996] 	 from = India
Event: republic pic	 analizing: [28.576360000000001, 77.242109999999997] 	 from = India
Event: republic pic	 analizing: [28.427092999999999, 77.0073486] 	 from = India
Event: republic pic	 analizing: [24.1925898, 72.379181200000005] 	 from = India
Event: republic pic	 analizing: [12.959408, 77.700181000000001] 	 from = India
Event: republic pic	 analizing: [1.2785, 103.88164999999999] 	 from = Singapore
Event: republic pic	 analizing: [19.170924060000001, 72.880254010000002] 	 from = India
Event: republic pic	 analizing: [43.913913049999998, 39.34146904] 	 from = Russia
Event: republic pic	 analizing: [23.0826882, 72.561557699999994] 	 from = India
Event: republic pic	 analizing: [19.176264379999999, 72.880275100000006] 	 from = India
Event: republic pic	 analizing: [28.637474099999999, 77.431211099999999] 	 from = India
Event: republic pic	 analizing: [23.0845156, 72.5622142] 	 from = India
Event: republic pic	 analizing: [28.623144700000001, 77.198915900000003] 	 from = India
Event: republic pic	 analizing: [12.982725670000001, 80.216424910000001] 	 from = India
Event: republic pic	 analizing: [17.437234249999999, 78.444856819999998] 	 from = India
Event: republic pic	 analizing: [29.255834029999999, 47.924606500000003] 	 from = Kuwait
Event: republic pic	 analizing: [12.98946121, 77.583636940000005] 	 from = India
Event: republic pic	 analizing: [21.159041550000001, 72.778398499999994] 	 from = India
Event: republic pic	 analizing: [33.734579400000001, 75.123302699999996] 	 from = India
Event: republic pic	 analizing: [22.477433300000001, 88.366134599999995] 	 from = India
Event: republic pic	 analizing: [23.041465299999999, 72.509217199999995] 	 from = India
Event: republic pic	 analizing: [23.585097600000001, 58.5642371] 	 from = Oman
Event: republic pic	 analizing: [51.467163980000002, -0.01445098] 	 from = England
Event: republic pic	 analizing: [6.6486486500000002, 3.3740424] 	 from = Nigeria
Event: republic pic	 analizing: [28.534667299999999, 77.259693999999996] 	 from = India
Event: bangkok shot	 analizing: [13.7069256, 100.6099691] 	 from = Thailand
Event: bangkok shot	 analizing: [13.729484129999999, 100.52983761] 	 from = Thailand
Event: bangkok shot	 analizing: [13.7069267, 100.6099799] 	 from = Thailand
Event: bangkok shot	 analizing: [41.779658599999998, -81.004477100000003] 	 from = United States
Event: bangkok shot	 analizing: [13.725451270000001, 100.53918787000001] 	 from = Thailand
Event: egypt anniversary	 analizing: [30.0330893, 31.236191600000002] 	 from = Egypt
Event: egypt anniversary	 analizing: [35.670470600000002, 139.68620619000001] 	 from = Japan
Event: egypt anniversary	 analizing: [30.0631071, 31.2188585] 	 from = Egypt
Event: egypt anniversary	 analizing: [13.7069375, 100.6099912] 	 from = Thailand
Event: anniversary egypt	 analizing: [52.354000999999997, 4.9284970000000001] 	 from = Netherlands
Event: anniversary egypt	 analizing: [37.158574829999999, 37.28332743] 	 from = Turkey
Event: republic pic	 analizing: [-29.831296989999998, 31.010972169999999] 	 from = South Africa
Event: republic pic	 analizing: [28.486071320000001, 77.108196329999998] 	 from = India
Event: republic pic	 analizing: [12.999367899999999, 77.577396500000006] 	 from = India
Event: republic pic	 analizing: [12.987492, 77.689130000000006] 	 from = India
Event: republic pic	 analizing: [23.1188246, 72.575916899999996] 	 from = India
Event: republic pic	 analizing: [19.0554354, 73.015884999999997] 	 from = India
Event: republic pic	 analizing: [28.534667299999999, 77.259693999999996] 	 from = India
Event: republic pic	 analizing: [4.9112406000000002, -1.7810729000000001] 	 from = Ghana
Event: republic pic	 analizing: [18.994591530000001, 72.846490970000005] 	 from = India
Event: republic pic	 analizing: [32.7061384, 74.867343700000006] 	 from = India
Event: republic pic	 analizing: [18.946224870000002, 72.828505179999993] 	 from = India
Event: republic pic	 analizing: [17.374355099999999, 78.553646999999998] 	 from = India
Event: republic pic	 analizing: [51.47607661, -0.18032827000000001] 	 from = England
Event: republic pic	 analizing: [10.5571489, 7.4666883999999998] 	 from = Nigeria
Event: republic pic	 analizing: [19.083120000000001, 72.843500000000006] 	 from = India
Event: republic pic	 analizing: [14.900248100000001, 120.8847722] 	 from = Philippines
Event: republic pic	 analizing: [30.894059899999998, 75.831249200000002] 	 from = India
Event: republic pic	 analizing: [29.272267719999999, 76.844039620000004] 	 from = India
Event: republic pic	 analizing: [51.3735912, -0.39348820000000001] 	 from = England
Event: republic pic	 analizing: [28.631281900000001, 77.292621199999999] 	 from = India
Event: republic pic	 analizing: [23.041863299999999, 72.517016900000002] 	 from = India
Event: republic pic	 analizing: [28.561353100000002, 77.052949900000002] 	 from = India
Event: republic pic	 analizing: [34.069018999999997, 74.689500600000002] 	 from = India
Event: independence poll	 analizing: [51.486313719999998, -0.11841645000000001] 	 from = England
Event: independence poll	 analizing: [53.37993367, -6.22421998] 	 from = Ireland
Event: independence poll	 analizing: [55.98155886, -3.7225899999999998] 	 from = Scotland
Event: independence poll	 analizing: [55.758973949999998, -4.2217846899999998] 	 from = Scotland
Event: independence poll	 analizing: [56.4032707, -3.4383360999999999] 	 from = Scotland
Event: independence poll	 analizing: [55.614879340000002, -4.5886787800000004] 	 from = Scotland
Event: independence poll	 analizing: [44.927997980000001, 10.51470889] 	 from = Italy
Event: wawrinka nadal	 analizing: [14.39060353, 121.0125077] 	 from = Philippines
Event: wawrinka nadal	 analizing: [47.129758699999996, -122.48963999999999] 	 from = United States
Event: wawrinka nadal	 analizing: [43.576839880000001, -116.59933172] 	 from = United States
Event: wawrinka nadal	 analizing: [14.55151233, 121.01370186] 	 from = Philippines
Event: wawrinka nadal	 analizing: [23.074057, 72.540513300000001] 	 from = India
Event: wawrinka nadal	 analizing: [42.205557659999997, -83.226489790000002] 	 from = United States
Event: wawrinka nadal	 analizing: [41.488422960000001, -71.532966209999998] 	 from = United States
Event: wawrinka nadal	 analizing: [-25.751681919999999, 28.204037490000001] 	 from = South Africa
Event: wawrinka nadal	 analizing: [6.5087000000000002, 3.3059599999999998] 	 from = Nigeria
Event: wawrinka nadal	 analizing: [32.52708586, -97.292304119999997] 	 from = United States
Event: wawrinka nadal	 analizing: [33.9228904, -118.0369547] 	 from = United States
Event: wawrinka nadal	 analizing: [42.205460279999997, -83.226491769999996] 	 from = United States
Event: wawrinka nadal	 analizing: [3.14431364, 101.62825322] 	 from = Malaysia
Event: wawrinka nadal	 analizing: [-34.370827800000001, 150.54069469999999] 	 from = Australia
Event: wawrinka nadal	 analizing: [26.1008973, -80.252058099999999] 	 from = United States
Event: wawrinka nadal	 analizing: [21.158439099999999, 72.769417599999997] 	 from = India
Event: wawrinka nadal	 analizing: [53.744835969999997, -9.7666824800000001] 	 from = Ireland
Event: wawrinka nadal	 analizing: [14.57962908, 121.08017658999999] 	 from = Philippines
Event: wawrinka nadal	 analizing: [56.184672200000001, -3.15515027] 	 from = Scotland
Event: wawrinka nadal	 analizing: [41.003016049999999, -74.366784910000007] 	 from = United States
Event: wawrinka nadal	 analizing: [-35.135004430000002, 139.23385285000001] 	 from = Australia
Event: wawrinka nadal	 analizing: [17.40153677, 78.492227299999996] 	 from = India
Event: wawrinka nadal	 analizing: [47.34619051, 8.7089370499999994] 	 from = Switzerland
Event: wawrinka nadal	 analizing: [38.956607099999999, -76.9826257] 	 from = United States
Event: wawrinka nadal	 analizing: [14.1063314, 121.15928220000001] 	 from = Philippines
Event: wawrinka nadal	 analizing: [-37.842970000000001, 144.70501999999999] 	 from = Australia
Event: wawrinka nadal	 analizing: [-27.141027260000001, 152.82275369000001] 	 from = Australia
Event: wawrinka nadal	 analizing: [46.894061090000001, 6.7700967800000003] 	 from = Switzerland
Event: wawrinka nadal	 analizing: [10.294169999999999, 9.8315099999999997] 	 from = Nigeria
Event: wawrinka nadal	 analizing: [-37.667686119999999, 144.84601161000001] 	 from = Australia
Event: wawrinka nadal	 analizing: [-37.821551499999998, 144.97857381] 	 from = Australia
Event: wawrinka nadal	 analizing: [51.488340460000003, -0.19174931000000001] 	 from = England
Event: wawrinka nadal	 analizing: [51.143560000000001, 6.89717] 	 from = Germany
Event: wawrinka nadal	 analizing: [-35.202018449999997, 149.14957025000001] 	 from = Australia
Event: wawrinka nadal	 analizing: [54.592146200000002, -5.6804604999999997] 	 from = Northern Ireland
Event: wawrinka nadal	 analizing: [-38.086052850000002, 145.21574315999999] 	 from = Australia
Event: wawrinka nadal	 analizing: [51.39017364, -0.095611920000000003] 	 from = England
Event: wawrinka nadal	 analizing: [53.569742609999999, -6.10785702] 	 from = Ireland
Event: wawrinka nadal	 analizing: [-37.822114300000003, 144.97809136999999] 	 from = Australia
Event: wawrinka nadal	 analizing: [14.43676956, 120.99261335] 	 from = Philippines
Event: wawrinka nadal	 analizing: [-25.871131900000002, 28.204290499999999] 	 from = South Africa
Event: wawrinka nadal	 analizing: [51.51143253, 0.01935591] 	 from = England
Event: wawrinka nadal	 analizing: [34.522522520000003, -117.37139802] 	 from = United States
Event: wawrinka nadal	 analizing: [28.577307399999999, 77.256434999999996] 	 from = India
Event: wawrinka nadal	 analizing: [0.0, 0.0] 	 from = N/A
Event: wawrinka nadal	 analizing: [54.42937517, -0.54781458000000005] 	 from = England
Event: wawrinka nadal	 analizing: [5.76478, 0.05679] 	 from = Ghana
Event: wawrinka nadal	 analizing: [9.9877012999999994, 76.280573099999998] 	 from = India
Event: wawrinka nadal	 analizing: [43.211325539999997, -77.657397040000006] 	 from = United States
Event: wawrinka nadal	 analizing: [-34.370827800000001, 150.54069469999999] 	 from = Australia
Event: wawrinka nadal	 analizing: [-1.39476, 36.800908100000001] 	 from = Kenya
Event: wawrinka nadal	 analizing: [51.514234199999997, -0.0070178000000000003] 	 from = England
Event: wawrinka nadal	 analizing: [-34.017893299999997, 18.6242366] 	 from = South Africa
Event: wawrinka nadal	 analizing: [34.020179079999998, -118.29598605] 	 from = United States
Event: wawrinka nadal	 analizing: [51.748657600000001, -2.2294891200000002] 	 from = England
Event: wawrinka nadal	 analizing: [50.850313739999997, -3.2264387800000001] 	 from = England
Event: wawrinka nadal	 analizing: [-6.2191891200000002, 106.82388529000001] 	 from = Indonesia
Event: wawrinka nadal	 analizing: [51.582101829999999, -0.39903221] 	 from = England
Event: wawrinka nadal	 analizing: [3.1969753500000002, 101.65405271] 	 from = Malaysia
Event: wawrinka nadal	 analizing: [22.44198377, 114.02840270999999] 	 from = China
Event: wawrinka nadal	 analizing: [51.381672199999997, -0.7994407] 	 from = England
Event: wawrinka nadal	 analizing: [42.441716300000003, -76.485364500000003] 	 from = United States
Event: wawrinka nadal	 analizing: [7.4450605999999997, 3.8970554000000002] 	 from = Nigeria
Event: wawrinka nadal	 analizing: [19.0670614, 72.891340400000004] 	 from = India
Event: wawrinka nadal	 analizing: [5.7644669999999998, 0.079003000000000004] 	 from = Ghana
Event: wawrinka nadal	 analizing: [52.353999000000002, 4.9284489999999996] 	 from = Netherlands
Event: wawrinka nadal	 analizing: [18.53101814, 73.827840679999994] 	 from = India
Event: wawrinka nadal	 analizing: [34.020160160000003, -118.29584505] 	 from = United States
Event: wawrinka nadal	 analizing: [40.377794870000002, -79.876906910000002] 	 from = United States
Event: wawrinka nadal	 analizing: [52.62909054, -1.11450315] 	 from = England
Event: wawrinka nadal	 analizing: [51.456952860000001, -0.10973695] 	 from = England
Event: wawrinka nadal	 analizing: [17.441358900000001, 78.461298299999996] 	 from = India
Event: wawrinka nadal	 analizing: [32.884039299999998, -97.279248379999999] 	 from = United States
Event: wawrinka nadal	 analizing: [25.2724461, 55.309033399999997] 	 from = United Arab Emirates
Event: wawrinka nadal	 analizing: [51.453850379999999, -0.11610529] 	 from = England
Event: wawrinka nadal	 analizing: [-36.928134419999999, 174.69913389000001] 	 from = New Zealand
Event: wawrinka nadal	 analizing: [-33.891996650000003, 151.17658638] 	 from = Australia
Event: wawrinka nadal	 analizing: [53.341756709999999, -1.36804445] 	 from = England
Event: wawrinka nadal	 analizing: [45.493699419999999, -73.581053990000001] 	 from = Canada
Event: wawrinka nadal	 analizing: [55.798497939999997, -4.0957212199999997] 	 from = Scotland
Event: wawrinka nadal	 analizing: [19.137895, 72.867739999999998] 	 from = India
Event: wawrinka nadal	 analizing: [5.0391326999999997, 7.9052224000000004] 	 from = Nigeria
Event: wawrinka nadal	 analizing: [-37.822050179999998, 144.97832137] 	 from = Australia
Event: wawrinka nadal	 analizing: [9.1144755100000001, 7.42135868] 	 from = Nigeria
Event: wawrinka nadal	 analizing: [42.006772290000001, -87.684618779999994] 	 from = United States
Event: wawrinka nadal	 analizing: [37.545273010000003, -77.451309989999999] 	 from = United States
Event: wawrinka nadal	 analizing: [52.31012612, 4.8533432000000003] 	 from = Netherlands
Event: wawrinka nadal	 analizing: [42.205466700000002, -83.226496749999995] 	 from = United States
Event: wawrinka nadal	 analizing: [28.568120879999999, 77.18586646] 	 from = India
Event: wawrinka nadal	 analizing: [51.499199519999998, -0.16088174999999999] 	 from = England
Event: wawrinka nadal	 analizing: [10.543637970000001, 7.4470317000000001] 	 from = Nigeria
Event: wawrinka nadal	 analizing: [52.310165189999999, 4.8533488399999998] 	 from = Netherlands
Event: wawrinka nadal	 analizing: [-29.683669999999999, 30.628360000000001] 	 from = South Africa
Event: wawrinka nadal	 analizing: [51.197747069999998, 0.27192688999999998] 	 from = England
Event: wawrinka nadal	 analizing: [19.10960755, 72.864230109999994] 	 from = India
Event: wawrinka nadal	 analizing: [50.420198990000003, -4.1052434199999999] 	 from = England
Event: wawrinka nadal	 analizing: [53.390671230000002, -2.9304698999999998] 	 from = England
Event: wawrinka nadal	 analizing: [51.415844999999997, -3.2785905] 	 from = Wales
Event: wawrinka nadal	 analizing: [12.99099099, 7.61841349] 	 from = Nigeria
Event: wawrinka nadal	 analizing: [-29.69828, 30.890139999999999] 	 from = South Africa
Event: wawrinka nadal	 analizing: [19.1352935, 72.814783599999998] 	 from = India
Event: wawrinka nadal	 analizing: [39.965744379999997, -75.161993910000007] 	 from = United States
Event: wawrinka nadal	 analizing: [49.272504089999998, -123.11495078] 	 from = Canada
Event: wawrinka nadal	 analizing: [51.51200025, -0.24742064] 	 from = England
Event: wawrinka nadal	 analizing: [9.5421524899999994, 100.07604628] 	 from = Thailand
Event: wawrinka nadal	 analizing: [18.35786109, -65.943257489999993] 	 from = Puerto Rico
Event: wawrinka nadal	 analizing: [19.13918, 72.866640000000004] 	 from = India
Event: wawrinka nadal	 analizing: [-25.987404139999999, 28.000185890000001] 	 from = South Africa
Event: wawrinka nadal	 analizing: [-34.175339999999998, 142.14702500000001] 	 from = Australia
Event: wawrinka nadal	 analizing: [49.875143880000003, -113.05299178999999] 	 from = Canada
Event: wawrinka nadal	 analizing: [-3.0933299999999999, 119.85478999999999] 	 from = Indonesia
Event: wawrinka nadal	 analizing: [40.189986279999999, -92.573225829999998] 	 from = United States
Event: wawrinka nadal	 analizing: [40.452113660000002, -74.451236600000001] 	 from = United States
Event: wawrinka nadal	 analizing: [-33.7977037, 151.26197550000001] 	 from = Australia
Event: wawrinka nadal	 analizing: [51.787062980000002, 1.13874425] 	 from = England
Event: wawrinka nadal	 analizing: [-30.540311379999999, 29.41514737] 	 from = South Africa
Event: wawrinka nadal	 analizing: [51.511987089999998, -0.24753122] 	 from = England
Event: wawrinka nadal	 analizing: [5.5262700000000002, 5.7439799999999996] 	 from = Nigeria
Event: wawrinka nadal	 analizing: [53.642662049999998, -6.6604841099999996] 	 from = Ireland
Event: wawrinka nadal	 analizing: [-33.907702909999998, 18.403349209999998] 	 from = South Africa
Event: wawrinka nadal	 analizing: [-23.166180900000001, -46.924745600000001] 	 from = Brazil
Event: wawrinka nadal	 analizing: [3.1969988300000001, 101.65410215] 	 from = Malaysia
Event: wawrinka nadal	 analizing: [3.1443417, 101.62822844999999] 	 from = Malaysia
Event: wawrinka nadal	 analizing: [10.7099703, 122.5807308] 	 from = Philippines
Event: wawrinka nadal	 analizing: [-33.904622060000001, 151.22357793] 	 from = Australia
Event: wawrinka nadal	 analizing: [53.49201309, -1.1462549] 	 from = England
Event: wawrinka nadal	 analizing: [18.591247840000001, 73.767037799999997] 	 from = India
Event: wawrinka nadal	 analizing: [23.07010434, 72.541232930000007] 	 from = India
Event: wawrinka nadal	 analizing: [54.887514719999999, -1.44640652] 	 from = England
Event: wawrinka nadal	 analizing: [55.71238571, 12.558078099999999] 	 from = Denmark
Event: wawrinka nadal	 analizing: [53.749974659999999, -2.7131492700000002] 	 from = England
Event: wawrinka nadal	 analizing: [-37.831366670000001, 145.09060088999999] 	 from = Australia
Event: wawrinka nadal	 analizing: [51.516015629999998, -0.11946886] 	 from = England
Event: wawrinka nadal	 analizing: [14.390616809999999, 121.01253839] 	 from = Philippines
Event: wawrinka nadal	 analizing: [42.344220800000002, -71.146920809999997] 	 from = United States
Event: wawrinka nadal	 analizing: [51.259928799999997, -1.0864707] 	 from = England
Event: wawrinka nadal	 analizing: [46.019118349999999, 7.7506372299999997] 	 from = Switzerland
Event: wawrinka nadal	 analizing: [51.259917299999998, -1.0863913999999999] 	 from = England
Event: wawrinka nadal	 analizing: [36.882883999999997, -119.740362] 	 from = United States
Event: wawrinka nadal	 analizing: [-37.745399900000002, 144.9562846] 	 from = Australia
Event: wawrinka nadal	 analizing: [-37.822195880000002, 144.97988792999999] 	 from = Australia
Event: wawrinka nadal	 analizing: [55.901112439999999, -4.4404868100000003] 	 from = Scotland
Event: wawrinka nadal	 analizing: [-26.122577750000001, 28.37369073] 	 from = South Africa
Event: wawrinka nadal	 analizing: [25.9055103, 93.700659000000002] 	 from = India
Event: wawrinka nadal	 analizing: [-29.9382874, 30.9089852] 	 from = South Africa
Event: wawrinka nadal	 analizing: [51.489031390000001, -0.019379130000000001] 	 from = England
Event: wawrinka nadal	 analizing: [19.195759160000001, 72.870211920000003] 	 from = India
Event: wawrinka nadal	 analizing: [52.527482910000003, -1.8681895100000001] 	 from = England
Event: wawrinka nadal	 analizing: [-3.3081027999999999, 114.5696548] 	 from = Indonesia
Event: wawrinka nadal	 analizing: [9.5932262000000001, 76.584112500000003] 	 from = India
Event: wawrinka nadal	 analizing: [17.475433469999999, 78.422230510000006] 	 from = India
Event: wawrinka nadal	 analizing: [21.663686779999999, 39.157469900000002] 	 from = Saudi Arabia
Event: wawrinka nadal	 analizing: [12.972972970000001, 7.6178611900000002] 	 from = Nigeria
Event: wawrinka nadal	 analizing: [51.966123660000001, 1.3249286899999999] 	 from = England
Event: wawrinka nadal	 analizing: [5.6436273999999997, -0.15528549999999999] 	 from = Ghana
Event: wawrinka nadal	 analizing: [6.5726151000000002, 3.3917799] 	 from = Nigeria
Event: wawrinka nadal	 analizing: [17.40240979, 78.494259639999996] 	 from = India
Event: wawrinka nadal	 analizing: [5.6114324599999996, -0.091919299999999995] 	 from = Ghana
Event: wawrinka nadal	 analizing: [8.9314087999999998, 7.0884801] 	 from = Nigeria
Event: wawrinka nadal	 analizing: [50.840462219999999, -0.12151853] 	 from = England
Event: wawrinka nadal	 analizing: [36.000269520000003, -115.13079398000001] 	 from = United States
Event: wawrinka nadal	 analizing: [-37.817445130000003, 144.96832967] 	 from = Australia
Event: wawrinka nadal	 analizing: [51.503693490000003, -2.5492392000000001] 	 from = England
Event: wawrinka nadal	 analizing: [18.49719099, 73.860700539999996] 	 from = India
Event: wawrinka nadal	 analizing: [51.197677400000003, 0.27170252] 	 from = England
Event: wawrinka nadal	 analizing: [51.575658599999997, -3.2305443999999999] 	 from = Wales
Event: wawrinka nadal	 analizing: [-37.851224100000003, 145.0472834] 	 from = Australia
Event: wawrinka nadal	 analizing: [3.2147932400000001, 101.63882322000001] 	 from = Malaysia
Event: wawrinka nadal	 analizing: [53.008357799999999, -1.1528807999999999] 	 from = England
Event: wawrinka nadal	 analizing: [51.46482494, -0.17599618] 	 from = England
Event: wawrinka nadal	 analizing: [38.956625500000001, -76.9826348] 	 from = United States
Event: wawrinka nadal	 analizing: [55.871387419999998, -4.2341575499999999] 	 from = Scotland
Event: wawrinka nadal	 analizing: [-35.004728929999999, 138.59481851000001] 	 from = Australia
Event: wawrinka nadal	 analizing: [51.488900030000003, -0.058856749999999999] 	 from = England
Event: wawrinka nadal	 analizing: [53.947876999999998, -6.4769300000000003] 	 from = Ireland
Event: wawrinka nadal	 analizing: [51.446958129999999, -0.95011672000000003] 	 from = England
Event: wawrinka nadal	 analizing: [-37.786277300000002, 144.93905326999999] 	 from = Australia
Event: wawrinka nadal	 analizing: [55.855042269999998, -4.2276336299999997] 	 from = Scotland
Event: wawrinka nadal	 analizing: [-1.9656245000000001, 30.111800800000001] 	 from = Rwanda
Event: wawrinka nadal	 analizing: [21.5699717, 39.172583299999999] 	 from = Saudi Arabia
Event: wawrinka nadal	 analizing: [51.52474883, 0.075401969999999999] 	 from = England
Event: wawrinka nadal	 analizing: [-8.9160865000000005, 33.484514599999997] 	 from = United Republic of Tanzania
Event: wawrinka nadal	 analizing: [30.269957399999999, -97.731811399999998] 	 from = United States
Event: wawrinka nadal	 analizing: [-34.905965160000001, 138.51643293000001] 	 from = Australia
Event: wawrinka nadal	 analizing: [55.609662190000002, 13.0339274] 	 from = Sweden
Event: wawrinka nadal	 analizing: [-33.89171486, 151.17688256] 	 from = Australia
Event: wawrinka nadal	 analizing: [40.178037260000004, -74.01705321] 	 from = United States
Event: wawrinka nadal	 analizing: [51.748373340000001, -0.23916428000000001] 	 from = England
Event: wawrinka nadal	 analizing: [33.888285099999997, 35.632851000000002] 	 from = Lebanon
Event: wawrinka nadal	 analizing: [53.749966620000002, -2.7131472099999998] 	 from = England
Event: wawrinka nadal	 analizing: [3.1443663700000002, 101.62812027] 	 from = Malaysia
Event: wawrinka nadal	 analizing: [41.380158610000002, -83.642481320000002] 	 from = United States
Event: wawrinka nadal	 analizing: [53.44114716, -1.9723752699999999] 	 from = England
Event: wawrinka nadal	 analizing: [53.149021959999999, 18.165563890000001] 	 from = Poland
Event: wawrinka nadal	 analizing: [32.884192149999997, -97.279237739999999] 	 from = United States
Event: wawrinka nadal	 analizing: [-37.82175342, 144.97798710000001] 	 from = Australia
Event: wawrinka nadal	 analizing: [51.575659899999998, -3.2305240999999998] 	 from = Wales
Event: wawrinka nadal	 analizing: [52.968874300000003, -2.1839609000000002] 	 from = England
Event: wawrinka nadal	 analizing: [51.575664400000001, -3.2305337000000001] 	 from = Wales
Event: wawrinka nadal	 analizing: [-37.821546210000001, 144.97857841000001] 	 from = Australia
Event: wawrinka nadal	 analizing: [28.526586399999999, 77.253476599999999] 	 from = India
Event: wawrinka nadal	 analizing: [52.507843399999999, -2.0962685699999999] 	 from = England
Event: wawrinka nadal	 analizing: [51.439025270000002, -0.41092556000000002] 	 from = England
Event: wawrinka nadal	 analizing: [46.529510000000002, 6.6229420000000001] 	 from = Switzerland
Event: wawrinka nadal	 analizing: [0.29909999999999998, 32.54748] 	 from = Uganda
Event: wawrinka nadal	 analizing: [39.571652550000003, 2.63255252] 	 from = Spain
Event: wawrinka nadal	 analizing: [32.744599000000001, 74.831341199999997] 	 from = India
Event: wawrinka nadal	 analizing: [53.374685100000001, -1.51435403] 	 from = England
Event: wawrinka nadal	 analizing: [53.394436249999998, -2.9654518799999998] 	 from = England
Event: wawrinka nadal	 analizing: [14.1064077, 121.15930109999999] 	 from = Philippines
Event: wawrinka nadal	 analizing: [54.966501149999999, -1.61310935] 	 from = England
Event: wawrinka nadal	 analizing: [52.041553909999998, -4.3087051699999996] 	 from = Wales
Event: wawrinka nadal	 analizing: [-41.22976448, 174.89042304] 	 from = New Zealand
Event: wawrinka nadal	 analizing: [52.574227010000001, -1.8905056499999999] 	 from = England
Event: wawrinka nadal	 analizing: [51.612871599999998, -1.0992427] 	 from = England
Event: wawrinka nadal	 analizing: [52.813852769999997, -2.1196316099999999] 	 from = England
Event: wawrinka nadal	 analizing: [37.119602399999998, -120.28048377] 	 from = United States
Event: wawrinka nadal	 analizing: [51.531980050000001, -0.48008299999999998] 	 from = England
Event: wawrinka nadal	 analizing: [25.04331109, 55.173537209999999] 	 from = United Arab Emirates
Event: wawrinka nadal	 analizing: [-33.786823269999999, 150.67434692] 	 from = Australia
Event: wawrinka nadal	 analizing: [40.105150270000003, -75.413732139999993] 	 from = United States
Event: wawrinka nadal	 analizing: [53.391500700000002, -2.1525845499999998] 	 from = England
Event: wawrinka nadal	 analizing: [46.982767000000003, -123.894662] 	 from = United States
Event: wawrinka nadal	 analizing: [42.228472910000001, -84.541787290000002] 	 from = United States
Event: wawrinka nadal	 analizing: [34.26223289, -118.74903464] 	 from = United States
Event: wawrinka nadal	 analizing: [-33.797658200000001, 151.2619693] 	 from = Australia
Event: wawrinka nadal	 analizing: [29.344300740000001, -99.139574749999994] 	 from = United States
Event: wawrinka nadal	 analizing: [-4.0459674999999997, 39.667121399999999] 	 from = Kenya
Event: wawrinka nadal	 analizing: [-35.274411610000001, 149.13299563000001] 	 from = Australia
Event: wawrinka nadal	 analizing: [40.969417929999999, 29.053773110000002] 	 from = Turkey
Event: wawrinka nadal	 analizing: [53.544793400000003, -2.3725721499999999] 	 from = England
Event: wawrinka nadal	 analizing: [32.36490483, -96.090723429999997] 	 from = United States
Event: wawrinka nadal	 analizing: [1.30200904, 103.89933972] 	 from = Singapore
Event: wawrinka nadal	 analizing: [-34.819872330000003, 150.51103423000001] 	 from = Australia
Event: wawrinka nadal	 analizing: [53.423845040000003, -3.0669685499999999] 	 from = England
Event: wawrinka nadal	 analizing: [50.912385329999999, 6.0288609700000002] 	 from = Netherlands
Event: wawrinka nadal	 analizing: [51.51199948, -0.24745301] 	 from = England
Event: wawrinka nadal	 analizing: [53.361514649999997, -1.3484496500000001] 	 from = England
Event: wawrinka nadal	 analizing: [41.885788570000003, 12.45838238] 	 from = Italy
Event: wawrinka nadal	 analizing: [14.106380700000001, 121.1592553] 	 from = Philippines
Event: wawrinka nadal	 analizing: [33.887407799999998, 35.632082500000003] 	 from = Lebanon
Event: wawrinka nadal	 analizing: [50.85027273, -3.2268098699999999] 	 from = England
Event: wawrinka nadal	 analizing: [-27.539963230000001, 153.00517977999999] 	 from = Australia
Event: wawrinka nadal	 analizing: [54.587578970000003, -5.7135335400000002] 	 from = Northern Ireland
Event: wawrinka nadal	 analizing: [5.7644677099999999, 0.078988740000000002] 	 from = Ghana
Event: wawrinka nadal	 analizing: [-12.16179554, 26.424501190000001] 	 from = Zambia
Event: wawrinka nadal	 analizing: [53.809469200000002, -1.4795349] 	 from = England
Event: wawrinka nadal	 analizing: [53.727879100000003, -6.8873598999999999] 	 from = Ireland
Event: wawrinka nadal	 analizing: [-6.2881612599999999, 106.7935284] 	 from = Indonesia
Event: wawrinka nadal	 analizing: [-25.829628830000001, 28.160031889999999] 	 from = South Africa
Event: wawrinka nadal	 analizing: [-35.225486240000002, 149.11080776] 	 from = Australia
Event: wawrinka nadal	 analizing: [51.858653599999997, -2.2396180000000001] 	 from = England
Event: wawrinka nadal	 analizing: [28.56608507, 77.276307689999996] 	 from = India
Event: wawrinka nadal	 analizing: [53.467676529999999, -2.2397302300000002] 	 from = England
Event: wawrinka nadal	 analizing: [52.698490280000001, 1.68557986] 	 from = England
Event: wawrinka nadal	 analizing: [3.1542891700000002, 101.60501791] 	 from = Malaysia
Event: wawrinka nadal	 analizing: [51.550163400000002, -2.4092236200000001] 	 from = England
Event: wawrinka nadal	 analizing: [57.475711650000001, -4.1569804899999996] 	 from = Scotland
Event: wawrinka nadal	 analizing: [54.977981470000003, -1.64222851] 	 from = England
Event: wawrinka nadal	 analizing: [19.054707239999999, 73.016065269999999] 	 from = India
Event: wawrinka nadal	 analizing: [56.184672380000002, -3.1551516300000002] 	 from = Scotland
Event: wawrinka nadal	 analizing: [-29.701540000000001, 30.641089999999998] 	 from = South Africa
Event: wawrinka nadal	 analizing: [51.319614090000002, -0.59757106999999998] 	 from = England
Event: wawrinka nadal	 analizing: [50.822340189999998, -0.15084724999999999] 	 from = England
Event: wawrinka nadal	 analizing: [28.641295400000001, 77.209677400000004] 	 from = India
Event: wawrinka nadal	 analizing: [34.776167399999999, 135.51865258999999] 	 from = Japan
Event: wawrinka nadal	 analizing: [51.570806240000003, -0.089655760000000001] 	 from = England
Event: wawrinka nadal	 analizing: [-33.82681341, 151.20751736] 	 from = Australia
Event: wawrinka nadal	 analizing: [-33.869482869999999, 151.19224227999999] 	 from = Australia
Event: wawrinka nadal	 analizing: [-26.069225599999999, 28.021501499999999] 	 from = South Africa
Event: wawrinka nadal	 analizing: [43.05897762, -87.891368310000004] 	 from = United States
Event: wawrinka nadal	 analizing: [51.242745239999998, 0.55224443999999995] 	 from = England
Event: wawrinka nadal	 analizing: [51.143560000000001, 6.89717] 	 from = Germany
Event: wawrinka nadal	 analizing: [32.244735970000001, -110.95058213999999] 	 from = United States
Event: wawrinka nadal	 analizing: [50.69751574, -3.23489637] 	 from = England
Event: wawrinka nadal	 analizing: [48.803627499999997, 2.0184974000000002] 	 from = France
Event: wawrinka nadal	 analizing: [48.726241229999999, -122.48676929] 	 from = United States
Event: wawrinka nadal	 analizing: [-27.323401799999999, 153.02749588] 	 from = Australia
Event: wawrinka nadal	 analizing: [52.651129400000002, -1.2150566] 	 from = England
Event: wawrinka nadal	 analizing: [51.602033589999998, -3.65507034] 	 from = Wales
Event: wawrinka nadal	 analizing: [13.0227995, 77.562609100000003] 	 from = India
Event: wawrinka nadal	 analizing: [-34.064491029999999, 18.52876874] 	 from = South Africa
Event: wawrinka nadal	 analizing: [52.401671229999998, 0.74828525999999995] 	 from = England
Event: wawrinka nadal	 analizing: [45.604046400000001, 9.2485640999999994] 	 from = Italy
Event: wawrinka nadal	 analizing: [55.020911599999998, -1.5496981000000001] 	 from = England
Event: wawrinka nadal	 analizing: [53.312879100000004, -6.2883566999999996] 	 from = Ireland
Event: wawrinka nadal	 analizing: [54.678184330000001, -5.9015766300000001] 	 from = Northern Ireland
Event: wawrinka nadal	 analizing: [19.203589300000001, 72.836668200000005] 	 from = India
Event: wawrinka nadal	 analizing: [49.216213359999998, -123.04086569] 	 from = Canada
Event: wawrinka nadal	 analizing: [42.834492189999999, -88.744171890000004] 	 from = United States
Event: wawrinka nadal	 analizing: [-31.95698887, 115.8783134] 	 from = Australia
Event: wawrinka nadal	 analizing: [30.195509600000001, -92.063363499999994] 	 from = United States
Event: wawrinka nadal	 analizing: [9.6480885999999995, 6.5156765999999999] 	 from = Nigeria
Event: wawrinka nadal	 analizing: [5.5747884000000001, -0.1876487] 	 from = Ghana
Event: wawrinka nadal	 analizing: [22.29043339, 113.9402355] 	 from = Hong Kong
Event: wawrinka nadal	 analizing: [58.25967876, 12.960425669999999] 	 from = Sweden
Event: wawrinka nadal	 analizing: [51.1273038, -3.0147151000000001] 	 from = England
Event: wawrinka nadal	 analizing: [13.00602978, 77.579684889999996] 	 from = India
Event: wawrinka nadal	 analizing: [35.278157780000001, -77.585921290000002] 	 from = United States
Event: wawrinka nadal	 analizing: [12.96381161, 77.640146630000004] 	 from = India
Event: wawrinka nadal	 analizing: [-33.751817099999997, 151.2942591] 	 from = Australia
Event: wawrinka nadal	 analizing: [51.398495060000002, -0.20544103] 	 from = England
Event: wawrinka nadal	 analizing: [34.145488999999998, 35.637519500000003] 	 from = Lebanon
Event: wawrinka nadal	 analizing: [51.443302080000002, -0.40605835000000001] 	 from = England
Event: wawrinka nadal	 analizing: [51.54807967, -1.83234728] 	 from = England
Event: wawrinka nadal	 analizing: [-34.819843769999999, 150.51104928000001] 	 from = Australia
Event: wawrinka nadal	 analizing: [50.592808419999997, -2.4787805600000001] 	 from = England
Event: wawrinka nadal	 analizing: [54.360642370000001, -5.9250986299999999] 	 from = Northern Ireland
Event: wawrinka nadal	 analizing: [34.020152639999999, -118.29589142] 	 from = United States
Event: wawrinka nadal	 analizing: [-33.877316749999999, 150.90793725] 	 from = Australia
Event: wawrinka nadal	 analizing: [-26.147104930000001, 28.034415240000001] 	 from = South Africa
Event: wawrinka nadal	 analizing: [-33.960053199999997, 18.470428399999999] 	 from = South Africa
Event: wawrinka nadal	 analizing: [-41.22981283, 174.89054949000001] 	 from = New Zealand
Event: wawrinka nadal	 analizing: [51.541407739999997, 0.66433470999999999] 	 from = England
Event: wawrinka nadal	 analizing: [51.73349735, 0.49173768000000001] 	 from = England
Event: wawrinka nadal	 analizing: [36.128110599999999, -80.084321299999999] 	 from = United States
Event: wawrinka nadal	 analizing: [41.488927420000003, -71.532211250000003] 	 from = United States
Event: wawrinka nadal	 analizing: [53.913431600000003, -2.1851321000000001] 	 from = England
Event: wawrinka nadal	 analizing: [-34.004178920000001, 151.06172208000001] 	 from = Australia
Event: wawrinka nadal	 analizing: [34.84750846, -87.701147059999997] 	 from = United States
Event: wawrinka nadal	 analizing: [37.706727600000001, -97.475447099999997] 	 from = United States
Event: wawrinka nadal	 analizing: [-37.741619530000001, 144.91499098] 	 from = Australia
Event: wawrinka nadal	 analizing: [51.952199520000001, -0.26677638999999997] 	 from = England
Event: wawrinka nadal	 analizing: [-34.009822800000002, 150.8302813] 	 from = Australia
Event: wawrinka nadal	 analizing: [41.488335730000003, -71.532757919999995] 	 from = United States
Event: wawrinka nadal	 analizing: [-37.821604710000003, 144.97855046999999] 	 from = Australia
Event: wawrinka nadal	 analizing: [-26.131522700000001, 27.907397599999999] 	 from = South Africa
Event: wawrinka nadal	 analizing: [0.31233158999999999, 32.650929189999999] 	 from = Uganda
Event: wawrinka nadal	 analizing: [-1.30552779, 36.907705730000004] 	 from = Kenya
Event: wawrinka nadal	 analizing: [33.426454100000001, -111.9489281] 	 from = United States
Event: wawrinka nadal	 analizing: [-37.825170069999999, 144.97922786000001] 	 from = Australia
Event: wawrinka nadal	 analizing: [-1.04444527, 34.474343830000002] 	 from = Kenya
Event: wawrinka nadal	 analizing: [38.740858600000003, -77.215405500000003] 	 from = United States
Event: wawrinka nadal	 analizing: [51.527526829999999, -0.05587201] 	 from = England
Event: wawrinka nadal	 analizing: [11.563588749999999, 104.92711494] 	 from = Cambodia
Event: wawrinka nadal	 analizing: [6.5726091000000002, 3.3918026999999999] 	 from = Nigeria
Event: wawrinka nadal	 analizing: [-31.597519999999999, 28.787880000000001] 	 from = South Africa
Event: wawrinka nadal	 analizing: [-33.926535919999999, 18.53945757] 	 from = South Africa
Event: wawrinka nadal	 analizing: [5.7644681999999996, 0.078997540000000005] 	 from = Ghana
Event: wawrinka nadal	 analizing: [-37.816841189999998, 144.96152807999999] 	 from = Australia
Event: wawrinka nadal	 analizing: [5.6672688999999998, -0.1317895] 	 from = Ghana
Event: wawrinka nadal	 analizing: [51.422893700000003, -0.14320910000000001] 	 from = England
Event: wawrinka nadal	 analizing: [54.993577530000003, -3.2473706999999998] 	 from = Scotland
Event: wawrinka nadal	 analizing: [12.98441287, 80.257818580000006] 	 from = India
Event: wawrinka nadal	 analizing: [12.99099099, 7.61841349] 	 from = Nigeria
Event: wawrinka nadal	 analizing: [53.491429979999999, -2.0822953100000001] 	 from = England
Event: wawrinka nadal	 analizing: [51.405941919999997, 0.11169129] 	 from = England
Event: nadal wawrinka	 analizing: [51.54856049, -0.0237237] 	 from = England
Event: nadal wawrinka	 analizing: [-37.850844199999997, 145.00589507999999] 	 from = Australia
Event: nadal wawrinka	 analizing: [12.99099099, 7.61841349] 	 from = Nigeria
Event: nadal wawrinka	 analizing: [14.57966717, 121.08023643] 	 from = Philippines
Event: nadal wawrinka	 analizing: [34.77635669, 135.51854263999999] 	 from = Japan
Event: nadal wawrinka	 analizing: [-26.082843, 27.759387400000001] 	 from = South Africa
Event: nadal wawrinka	 analizing: [14.340542470000001, 121.04706212000001] 	 from = Philippines
Event: nadal wawrinka	 analizing: [18.5002782, 73.9696529] 	 from = India
Event: nadal wawrinka	 analizing: [51.522145199999997, -0.39813009999999999] 	 from = England
Event: nadal wawrinka	 analizing: [3.1657943, 101.6513204] 	 from = Malaysia
Event: nadal wawrinka	 analizing: [47.578279799999997, -122.4092088] 	 from = United States
Event: nadal wawrinka	 analizing: [-29.825636329999998, -50.051196339999997] 	 from = Brazil
Event: nadal wawrinka	 analizing: [-22.9054921, -47.065827800000001] 	 from = Brazil
Event: nadal wawrinka	 analizing: [53.066288540000002, -2.1611724899999998] 	 from = England
Event: nadal wawrinka	 analizing: [56.000382799999997, -3.8033703999999999] 	 from = Scotland
Event: nadal wawrinka	 analizing: [49.282061079999998, -122.94901733] 	 from = Canada
Event: nadal wawrinka	 analizing: [39.125175110000001, -83.596179860000007] 	 from = United States
Event: nadal wawrinka	 analizing: [-29.13937889, 26.224658380000001] 	 from = South Africa
Event: nadal wawrinka	 analizing: [51.608719499999999, 0.0076239000000000003] 	 from = England
Event: nadal wawrinka	 analizing: [47.42989017, -122.14765625] 	 from = United States
Event: nadal wawrinka	 analizing: [55.009919600000003, -1.56072597] 	 from = England
Event: nadal wawrinka	 analizing: [23.1463109, 79.911367400000003] 	 from = India
Event: nadal wawrinka	 analizing: [15.67146344, 120.58553477] 	 from = Philippines
Event: nadal wawrinka	 analizing: [41.872016369999997, -71.439937310000005] 	 from = United States
Event: nadal wawrinka	 analizing: [-37.821574030000001, 144.97854543] 	 from = Australia
Event: nadal wawrinka	 analizing: [7.3685998000000001, 3.9743750000000002] 	 from = Nigeria
Event: nadal wawrinka	 analizing: [50.723757849999998, -1.86628079] 	 from = England
Event: nadal wawrinka	 analizing: [3.1027581999999998, 101.6655667] 	 from = Malaysia
Event: nadal wawrinka	 analizing: [1.5891609799999999, 110.3248201] 	 from = Malaysia
Event: nadal wawrinka	 analizing: [5.6433217999999998, -0.1560733] 	 from = Ghana
Event: nadal wawrinka	 analizing: [25.9559614, -80.301034470000005] 	 from = United States
Event: nadal wawrinka	 analizing: [36.103825319999999, -79.509564789999999] 	 from = United States
Event: nadal wawrinka	 analizing: [-6.2067500000000004, 106.70761] 	 from = Indonesia
Event: nadal wawrinka	 analizing: [-37.709512719999999, 145.08898590000001] 	 from = Australia
Event: nadal wawrinka	 analizing: [51.575673399999999, -3.2305481999999999] 	 from = Wales
Event: nadal wawrinka	 analizing: [41.888045640000001, -87.626267240000004] 	 from = United States
Event: nadal wawrinka	 analizing: [-37.66774581, 144.84618076000001] 	 from = Australia
Event: nadal wawrinka	 analizing: [14.099773819999999, 120.92272379000001] 	 from = Philippines
Event: nadal wawrinka	 analizing: [40.781950770000002, -73.951274400000003] 	 from = United States
Event: nadal wawrinka	 analizing: [51.594282700000001, -3.3278249] 	 from = Wales
Event: nadal wawrinka	 analizing: [-35.347259999999999, 149.07375999999999] 	 from = Australia
Event: nadal wawrinka	 analizing: [51.587211400000001, -0.34126299999999998] 	 from = England
Event: nadal wawrinka	 analizing: [41.257444270000001, 36.555342170000003] 	 from = Turkey
Event: nadal wawrinka	 analizing: [42.949811859999997, -87.901233700000006] 	 from = United States
Event: nadal wawrinka	 analizing: [38.956605799999998, -76.9826154] 	 from = United States
Event: nadal wawrinka	 analizing: [-34.003439999999998, 18.728909999999999] 	 from = South Africa
Event: nadal wawrinka	 analizing: [42.967601960000003, -85.713255520000004] 	 from = United States
Event: nadal wawrinka	 analizing: [25.321672419999999, 51.524944230000003] 	 from = Qatar
Event: nadal wawrinka	 analizing: [15.146299300000001, 76.954556400000001] 	 from = India
Event: nadal wawrinka	 analizing: [6.2161128200000002, -1.67331684] 	 from = Ghana
Event: nadal wawrinka	 analizing: [39.125171690000002, -83.596182249999998] 	 from = United States
Event: nadal wawrinka	 analizing: [24.486764440000002, 54.359378169999999] 	 from = United Arab Emirates
Event: nadal wawrinka	 analizing: [3.0853328000000002, 101.68902749999999] 	 from = Malaysia
Event: nadal wawrinka	 analizing: [-41.465679229999999, -72.938854410000005] 	 from = Chile
Event: nadal wawrinka	 analizing: [-37.777099389999997, 144.91545110999999] 	 from = Australia
Event: nadal wawrinka	 analizing: [26.477141419999999, 80.346222679999997] 	 from = India
Event: nadal wawrinka	 analizing: [50.7706424, 0.28652043999999999] 	 from = England
Event: nadal wawrinka	 analizing: [39.301903189999997, -76.615534600000004] 	 from = United States
Event: nadal wawrinka	 analizing: [51.737103500000003, -3.1342910000000002] 	 from = Wales
Event: nadal wawrinka	 analizing: [41.312777500000003, -105.56194840000001] 	 from = United States
Event: nadal wawrinka	 analizing: [17.370514199999999, 78.554810599999996] 	 from = India
Event: nadal wawrinka	 analizing: [41.421627950000001, 2.1819841599999998] 	 from = Spain
Event: nadal wawrinka	 analizing: [40.549225290000003, -73.895703130000001] 	 from = United States
Event: nadal wawrinka	 analizing: [-36.894928790000002, 174.79180811000001] 	 from = New Zealand
Event: nadal wawrinka	 analizing: [13.789202469999999, 100.5477406] 	 from = Thailand
Event: nadal wawrinka	 analizing: [26.43539517, 50.106764650000002] 	 from = Saudi Arabia
Event: nadal wawrinka	 analizing: [-3.3696188, 36.6854212] 	 from = United Republic of Tanzania
Event: nadal wawrinka	 analizing: [51.410259109999998, -1.25693875] 	 from = England
Event: nadal wawrinka	 analizing: [14.39062187, 121.01255573] 	 from = Philippines
Event: nadal wawrinka	 analizing: [43.84622907, -79.432796080000003] 	 from = Canada
Event: nadal wawrinka	 analizing: [40.619070749999999, -74.030490209999996] 	 from = United States
Event: nadal wawrinka	 analizing: [31.760170930000001, -106.48558850000001] 	 from = United States
Event: nadal wawrinka	 analizing: [13.04382889, 123.45350654000001] 	 from = Philippines
Event: nadal wawrinka	 analizing: [50.721518529999997, -3.5339753800000002] 	 from = England
Event: nadal wawrinka	 analizing: [5.5747884000000001, -0.1876487] 	 from = Ghana
Event: nadal wawrinka	 analizing: [51.507873619999998, -0.58452574000000002] 	 from = England
Event: nadal wawrinka	 analizing: [20.9472518, 86.135432899999998] 	 from = India
Event: nadal wawrinka	 analizing: [40.792409829999997, -73.967408259999999] 	 from = United States
Event: nadal wawrinka	 analizing: [9.0400887999999995, 7.4825951000000002] 	 from = Nigeria
Event: nadal wawrinka	 analizing: [53.382573860000001, -1.4822208299999999] 	 from = England
Event: nadal wawrinka	 analizing: [-37.807580629999997, 144.96199376000001] 	 from = Australia
Event: nadal wawrinka	 analizing: [-23.88325, 29.734860000000001] 	 from = South Africa
Event: shark cull	 analizing: [55.875264000000001, -4.3236454999999996] 	 from = Scotland
Event: shark cull	 analizing: [56.088570709999999, -3.91700962] 	 from = Scotland
Event: shark cull	 analizing: [55.946480700000002, -3.3639337] 	 from = Scotland
Event: shark cull	 analizing: [50.79311173, -3.6429790299999998] 	 from = England
Event: shark cull	 analizing: [53.0021567, -6.1232275999999999] 	 from = Ireland
Event: title wawrinka	 analizing: [6.8121603799999999, 79.971985680000003] 	 from = Sri Lanka
Event: title wawrinka	 analizing: [27.945164760000001, -82.465546799999998] 	 from = United States
Event: title wawrinka	 analizing: [40.815559950000001, -96.702011490000004] 	 from = United States
Event: title wawrinka	 analizing: [-2.0864402000000002, -79.9158939] 	 from = Ecuador
Event: title wawrinka	 analizing: [13.040709, 80.202198699999997] 	 from = India
Event: title wawrinka	 analizing: [-2.0864402000000002, -79.9158939] 	 from = Ecuador
Event: title wawrinka	 analizing: [-25.44575944, -49.29294865] 	 from = Brazil
Event: title wawrinka	 analizing: [19.199006399999998, 72.872157799999997] 	 from = India
Event: title wawrinka	 analizing: [-2.2552059999999998, -80.929150300000003] 	 from = Ecuador
Event: title wawrinka	 analizing: [53.318284570000003, -2.6853636299999999] 	 from = England
Event: title wawrinka	 analizing: [41.650058610000002, -72.903915100000006] 	 from = United States
Event: title wawrinka	 analizing: [54.971825699999997, -1.6022164999999999] 	 from = England
Event: title wawrinka	 analizing: [14.597821830000001, 121.09809343000001] 	 from = Philippines
Event: title wawrinka	 analizing: [4.9468103799999996, 100.60485455] 	 from = Malaysia
Event: title wawrinka	 analizing: [39.814689299999998, -86.298020100000002] 	 from = United States
Event: republic pic	 analizing: [26.141973660000001, 43.660973030000001] 	 from = Saudi Arabia
Event: republic pic	 analizing: [13.087539270000001, 80.249037319999999] 	 from = India
Event: republic pic	 analizing: [20.614715, 72.901515599999996] 	 from = India
Event: republic pic	 analizing: [59.912730000000003, 10.746090000000001] 	 from = Norway
Event: republic pic	 analizing: [18.51078, 73.82011] 	 from = India
Event: republic pic	 analizing: [51.546974800000001, -0.12083907000000001] 	 from = England
Event: republic pic	 analizing: [40.807028099999997, -73.958872060000004] 	 from = United States
Event: republic pic	 analizing: [21.4714314, 72.944940500000001] 	 from = India
Event: republic pic	 analizing: [22.502089999999999, 88.393870000000007] 	 from = India
Event: republic pic	 analizing: [16.7192723, 74.405003699999995] 	 from = India
Event: republic pic	 analizing: [18.782230999999999, 99.005724999999998] 	 from = Thailand
Event: republic pic	 analizing: [26.891402100000001, 80.959670500000001] 	 from = India
Event: republic pic	 analizing: [51.567452869999997, 0.45905931999999999] 	 from = England
Event: republic pic	 analizing: [16.7192723, 74.405003699999995] 	 from = India
Event: republic pic	 analizing: [47.669626309999998, 9.4780019699999993] 	 from = Germany
Event: republic pic	 analizing: [26.428470000000001, 82.53877] 	 from = India
Event: republic pic	 analizing: [18.932312700000001, 72.823838899999998] 	 from = India
Event: republic pic	 analizing: [30.934339699999999, 75.875994599999999] 	 from = India
Event: republic pic	 analizing: [51.558441700000003, -0.33454220000000001] 	 from = England
Event: republic pic	 analizing: [18.485130099999999, 73.804583899999997] 	 from = India
Event: republic pic	 analizing: [23.246867720000001, 77.392791759999994] 	 from = India
Event: india following	 analizing: [40.459967419999998, -74.510248050000001] 	 from = United States
Event: ofsted attacks	 analizing: [53.819296600000001, -1.6027115000000001] 	 from = England
Event: ofsted attacks	 analizing: [53.177636, -2.4326715000000001] 	 from = England
Event: state union	 analizing: [33.871539650000003, -117.86733220000001] 	 from = United States
Event: state union	 analizing: [43.05158943, -86.219380549999997] 	 from = United States
Event: state union	 analizing: [37.566346660000001, 126.99661761] 	 from = Korea, Republic of
Event: state union	 analizing: [34.987115580000001, -80.444968990000007] 	 from = United States
Event: state union	 analizing: [54.474515019999998, -6.67455424] 	 from = Northern Ireland
Event: open wawrinka	 analizing: [12.977717309999999, 80.259479279999994] 	 from = India
Event: open wawrinka	 analizing: [13.0739681, 80.211001699999997] 	 from = India
Event: open wawrinka	 analizing: [52.075593089999998, 0.71383401999999996] 	 from = England
Event: open wawrinka	 analizing: [-37.697210699999999, 145.12945590000001] 	 from = Australia
Event: open wawrinka	 analizing: [30.448292840000001, -84.332552340000007] 	 from = United States
Event: open wawrinka	 analizing: [-2.0864402000000002, -79.9158939] 	 from = Ecuador
Event: open wawrinka	 analizing: [8.9894800000000004, 7.3621999999999996] 	 from = Nigeria
Event: open wawrinka	 analizing: [35.224839770000003, -80.840793419999997] 	 from = United States
Event: open wawrinka	 analizing: [39.991308719999999, -83.004666060000005] 	 from = United States
Event: open wawrinka	 analizing: [51.762844430000001, -0.2405938] 	 from = England
Event: open wawrinka	 analizing: [25.691207599999998, -80.324298099999993] 	 from = United States
Event: open wawrinka	 analizing: [36.3058294, -78.951028500000007] 	 from = United States
Event: open wawrinka	 analizing: [5.7644669999999998, 0.079003000000000004] 	 from = Ghana
Event: open wawrinka	 analizing: [12.973682050000001, 77.607289829999999] 	 from = India
Event: open wawrinka	 analizing: [46.387061770000003, -86.63545671] 	 from = United States
Event: open wawrinka	 analizing: [6.4586065000000001, 3.4193204000000001] 	 from = Nigeria
Event: parliamentary presidential	 analizing: [7.1027300000000002, 6.7309900000000003] 	 from = Nigeria
Event: crow pope	 analizing: [30.420467200000001, -91.140236360000003] 	 from = United States
Event: crow pope	 analizing: [34.002912590000001, -81.016113169999997] 	 from = United States
Event: crow pope	 analizing: [52.471485289999997, -1.88352103] 	 from = England
Event: crow pope	 analizing: [44.908223370000002, -93.358452240000005] 	 from = United States
Event: republic pic	 analizing: [23.041863299999999, 72.517016900000002] 	 from = India
Event: republic pic	 analizing: [24.607863099999999, 73.6890717] 	 from = India
Event: republic pic	 analizing: [19.135930999999999, 72.828505100000001] 	 from = India
Event: republic pic	 analizing: [25.0111159, 55.078983800000003] 	 from = United Arab Emirates
Event: republic pic	 analizing: [13.7234696, 100.6063254] 	 from = Thailand
Event: republic pic	 analizing: [3.1490200000000002, 101.71339999999999] 	 from = Malaysia
Event: republic pic	 analizing: [22.359823729999999, 73.136174420000003] 	 from = India
Event: republic pic	 analizing: [41.893453090000001, -71.394260110000005] 	 from = United States
Event: republic pic	 analizing: [19.1167677, 72.855645499999994] 	 from = India
Event: republic pic	 analizing: [43.67208213, -79.377918440000002] 	 from = Canada
Event: republic pic	 analizing: [51.499448000000001, -0.30043819999999999] 	 from = England
Event: republic pic	 analizing: [18.479609289999999, -69.892878400000001] 	 from = Dominican Republic
Event: wins director	 analizing: [14.631754430000001, 121.01268824] 	 from = Philippines
Event: wawrinka nadal	 analizing: [-12.161760360000001, 26.424406860000001] 	 from = Zambia
Event: wawrinka nadal	 analizing: [50.794572469999999, -0.97507116999999999] 	 from = England
Event: wawrinka nadal	 analizing: [-37.86783655, 144.98105258999999] 	 from = Australia
Event: wawrinka nadal	 analizing: [53.458319299999999, -2.1881021] 	 from = England
Event: wawrinka nadal	 analizing: [34.222610590000002, -77.923279559999997] 	 from = United States
Event: wawrinka nadal	 analizing: [51.45887871, 0.079076309999999997] 	 from = England
Event: wawrinka nadal	 analizing: [51.509108699999999, -3.1996935] 	 from = Wales
Event: wawrinka nadal	 analizing: [40.054678699999997, -75.187114690000001] 	 from = United States
Event: wawrinka nadal	 analizing: [30.185828570000002, -92.013839739999995] 	 from = United States
Event: wawrinka nadal	 analizing: [4.8487340000000003, -74.059471599999995] 	 from = Colombia
Event: wawrinka nadal	 analizing: [28.395520659999999, -81.451660750000002] 	 from = United States
Event: wawrinka nadal	 analizing: [39.94720358, -75.166539709999995] 	 from = United States
Event: london gabor	 analizing: [51.683065300000003, -4.1579084000000002] 	 from = Wales
Event: london gabor	 analizing: [52.371344100000002, 9.7255971999999993] 	 from = Germany
Event: maryland mall	 analizing: [33.403766500000003, -111.9711545] 	 from = United States
Event: maryland mall	 analizing: [32.534679699999998, -84.871227189999999] 	 from = United States
Event: maryland mall	 analizing: [29.559638809999999, -98.334783889999997] 	 from = United States
Event: wawrinka nadal	 analizing: [13.04924046, 80.208598499999994] 	 from = India
Event: wawrinka nadal	 analizing: [53.254461190000001, -1.93054547] 	 from = England
Event: wawrinka nadal	 analizing: [39.296474099999998, -84.396045099999995] 	 from = United States
Event: wawrinka nadal	 analizing: [29.465224620000001, -95.102150710000004] 	 from = United States
Event: wawrinka nadal	 analizing: [36.343512259999997, -86.705365049999997] 	 from = United States
Event: wawrinka nadal	 analizing: [33.879497039999997, 35.535799849999997] 	 from = Lebanon
Event: wawrinka nadal	 analizing: [38.814634730000002, -76.819093629999998] 	 from = United States
Event: wawrinka nadal	 analizing: [38.731289850000003, -90.108843129999997] 	 from = United States
Event: wawrinka nadal	 analizing: [35.875576850000002, -86.349118290000007] 	 from = United States
Event: wawrinka nadal	 analizing: [29.50842784, -95.03907169] 	 from = United States
Event: wawrinka nadal	 analizing: [37.223440869999997, -80.421338359999993] 	 from = United States
Event: wawrinka nadal	 analizing: [39.766906669999997, -86.156503209999997] 	 from = United States
Event: wawrinka nadal	 analizing: [12.832497399999999, 79.690557200000001] 	 from = India
Event: wawrinka nadal	 analizing: [38.862238789999999, -77.064245729999996] 	 from = United States
Event: wawrinka nadal	 analizing: [43.648423909999998, -79.375363820000004] 	 from = Canada
Event: wawrinka nadal	 analizing: [-27.7869384, -64.258096199999997] 	 from = Argentina
Event: wawrinka nadal	 analizing: [27.320257789999999, -81.334870820000006] 	 from = United States
Event: wawrinka nadal	 analizing: [30.282164850000001, -97.739848510000002] 	 from = United States
Event: wawrinka nadal	 analizing: [45.506449920000001, -73.570863250000002] 	 from = Canada
Event: wawrinka nadal	 analizing: [32.178550629999997, -80.731446869999999] 	 from = United States
Event: wawrinka nadal	 analizing: [40.377589, -74.518222399999999] 	 from = United States
Event: wawrinka nadal	 analizing: [51.311615500000002, 0.25095139999999999] 	 from = England
Event: wawrinka nadal	 analizing: [4.1728402000000004, 73.514211399999994] 	 from = Maldives
Event: wawrinka nadal	 analizing: [20.60796444, -100.37005138000001] 	 from = Mexico
Event: wawrinka nadal	 analizing: [29.397141170000001, 71.673623149999997] 	 from = Pakistan
Event: wawrinka nadal	 analizing: [30.273675019999999, -81.393731299999999] 	 from = United States
Event: wawrinka nadal	 analizing: [40.962979009999998, 28.84241883] 	 from = Turkey
Event: wawrinka nadal	 analizing: [-1.2654691, 36.812784399999998] 	 from = Kenya
Event: wawrinka nadal	 analizing: [43.741906610000001, -79.231768680000002] 	 from = Canada
Event: sinks die	 analizing: [35.670470600000002, 139.68620619000001] 	 from = Japan
Event: sinks die	 analizing: [53.318556999999998, -6.481916] 	 from = Ireland
Event: dead capsizes	 analizing: [40.549225290000003, -73.895703130000001] 	 from = United States
Event: dead capsizes	 analizing: [47.42989017, -122.14765625] 	 from = United States
Event: dead capsizes	 analizing: [35.670470600000002, 139.68620619000001] 	 from = Japan
Event: children leave	 analizing: [43.667243859999999, -79.389607179999999] 	 from = Canada
Event: children leave	 analizing: [42.117769840000001, -71.071821999999997] 	 from = United States
Event: children leave	 analizing: [32.707620599999998, -96.939546179999994] 	 from = United States
Event: children leave	 analizing: [31.9573471, 35.915943200000001] 	 from = Jordan
Event: children leave	 analizing: [52.371385699999998, 9.7256286999999997] 	 from = Germany
Event: maryland mall	 analizing: [5.6433217999999998, -0.1560733] 	 from = Ghana
Event: maryland mall	 analizing: [3.13295872, 101.68545825] 	 from = Malaysia
Event: maryland mall	 analizing: [39.963789249999998, -82.995272670000006] 	 from = United States
Event: maryland mall	 analizing: [40.716697949999997, -74.000016020000004] 	 from = United States
Event: maryland mall	 analizing: [59.522536610000003, 18.167181589999998] 	 from = Sweden
Event: maryland mall	 analizing: [21.429577200000001, 73.015182699999997] 	 from = India
Event: maryland mall	 analizing: [41.888045640000001, -87.626267240000004] 	 from = United States
Event: maryland mall	 analizing: [40.651322700000001, -74.185490299999998] 	 from = United States
Event: maryland mall	 analizing: [33.514722239999998, -86.853852020000005] 	 from = United States
Event: peace pope	 analizing: [25.692751300000001, -80.291606860000002] 	 from = United States
Event: peace pope	 analizing: [32.889700240000003, -96.734877209999993] 	 from = United States
Event: peace pope	 analizing: [42.334387239999998, -83.398457399999998] 	 from = United States
Event: peace pope	 analizing: [40.08340484, -83.157079519999996] 	 from = United States
Event: peace pope	 analizing: [51.574666100000002, -0.032863799999999999] 	 from = England
Event: peace pope	 analizing: [-15.3965, 28.396171200000001] 	 from = Zambia
Event: peace pope	 analizing: [30.018891400000001, -95.414790170000003] 	 from = United States
Event: peace pope	 analizing: [51.461267460000002, -0.12097131999999999] 	 from = England
Event: peace pope	 analizing: [29.742589599999999, -95.472845759999998] 	 from = United States
Event: peace pope	 analizing: [40.080536979999998, -78.651248519999996] 	 from = United States
Event: peace pope	 analizing: [36.071998120000003, -80.267541750000007] 	 from = United States
Event: peace pope	 analizing: [43.454218390000001, -79.680272689999995] 	 from = Canada
Event: peace pope	 analizing: [45.401642799999998, 10.9897898] 	 from = Italy
Event: peace pope	 analizing: [13.739291919999999, 100.57344148] 	 from = Thailand
Event: peace pope	 analizing: [50.451189499999998, 30.52559789] 	 from = Ukraine
Event: peace pope	 analizing: [39.951955400000003, -76.759365990000006] 	 from = United States
Event: peace pope	 analizing: [-0.28418110000000002, 36.0780794] 	 from = Kenya
Event: peace pope	 analizing: [39.065706730000002, -84.483253120000001] 	 from = United States
Event: peace pope	 analizing: [-23.555049, -46.660381999999998] 	 from = Brazil
Event: peace pope	 analizing: [42.838214299999997, -108.73828709999999] 	 from = United States
Event: peace pope	 analizing: [39.386831520000001, -76.549682360000006] 	 from = United States
Event: clinton rand	 analizing: [38.836410000000001, -77.064131000000003] 	 from = United States
Event: tsb lloyds	 analizing: [54.972820300000002, -1.6043080000000001] 	 from = England
Event: tsb lloyds	 analizing: [51.558872839999999, -3.03282052] 	 from = Wales
Event: children leave	 analizing: [6.46211, 3.3550900000000001] 	 from = Nigeria
Event: peace pope	 analizing: [41.779621800000001, -81.004472399999997] 	 from = United States
Event: peace pope	 analizing: [41.779621800000001, -81.004472399999997] 	 from = United States
Event: peace pope	 analizing: [34.087595800000003, -118.35238671] 	 from = United States
Event: peace pope	 analizing: [40.044810630000001, -105.25776419] 	 from = United States
Event: peace pope	 analizing: [37.808305439999998, -122.25525025] 	 from = United States
Event: peace pope	 analizing: [39.215170469999997, -85.919255660000005] 	 from = United States
Event: peace pope	 analizing: [45.534837170000003, -122.61176722] 	 from = United States
Event: peace pope	 analizing: [38.88603835, -76.987449459999993] 	 from = United States
Event: peace pope	 analizing: [47.164819629999997, -122.34802634] 	 from = United States
Event: peace pope	 analizing: [33.86684966, -84.383855479999994] 	 from = United States
Event: peace pope	 analizing: [43.544923429999997, -79.685486909999995] 	 from = Canada
Event: peace pope	 analizing: [42.643161669999998, -71.310780249999993] 	 from = United States
Event: peace pope	 analizing: [39.678303589999999, -76.65177894] 	 from = United States
Event: 50p tax	 analizing: [51.485945229999999, -0.15026217] 	 from = England
Event: 50p tax	 analizing: [53.768788299999997, -1.7259709999999999] 	 from = England
Event: 50p tax	 analizing: [52.238962819999998, -0.89541214000000002] 	 from = England
Event: 50p tax	 analizing: [52.976683399999999, -1.1201156000000001] 	 from = England
Event: slam stanislas	 analizing: [33.931176610000001, -84.359101269999996] 	 from = United States
Event: slam stanislas	 analizing: [29.551486019999999, -95.332180899999997] 	 from = United States
Event: slam stanislas	 analizing: [63.28981907, 10.25737496] 	 from = Norway
Event: tsb customers	 analizing: [51.508228420000002, -0.23018164999999999] 	 from = England
Event: dead woman	 analizing: [43.137852899999999, -77.646031730000004] 	 from = United States
Event: dead woman	 analizing: [38.352412809999997, -81.738846359999997] 	 from = United States
Event: dead woman	 analizing: [42.271224570000001, -83.356256700000003] 	 from = United States
Event: dead woman	 analizing: [40.716697949999997, -74.000016020000004] 	 from = United States
Event: dead woman	 analizing: [35.224839770000003, -80.840793419999997] 	 from = United States
Event: dead woman	 analizing: [33.041101040000001, -96.930998079999995] 	 from = United States
Event: dead woman	 analizing: [34.051610480000001, -118.24533538] 	 from = United States
Event: dead woman	 analizing: [37.762847710000003, -122.431288] 	 from = United States
Event: dead woman	 analizing: [30.50161714, -97.844644889999998] 	 from = United States
Event: dead woman	 analizing: [50.858819349999997, -1.2538578899999999] 	 from = England
Event: dead woman	 analizing: [32.681053779999999, -97.413538849999995] 	 from = United States
Event: dead woman	 analizing: [-3.7343045799999999, -38.470517350000001] 	 from = Brazil
Event: clinton rand	 analizing: [40.716697949999997, -74.000016020000004] 	 from = United States
